[ 2017-04-15T12:15:48+08:00 ] 127.0.0.1 /
INFO: [ app_init ] --START--
INFO: Run Behavior\BuildLiteBehavior [ RunTime:0.000000s ]
INFO: [ app_init ] --END-- [ RunTime:0.001000s ]
INFO: [ app_begin ] --START--
INFO: Run Behavior\ReadHtmlCacheBehavior [ RunTime:0.022002s ]
INFO: [ app_begin ] --END-- [ RunTime:0.022002s ]

[ 2017-04-15T12:15:48+08:00 ] 127.0.0.1 /Home/Index/login.html
INFO: [ app_init ] --START--
INFO: Run Behavior\BuildLiteBehavior [ RunTime:0.000000s ]
INFO: [ app_init ] --END-- [ RunTime:0.001000s ]
INFO: [ app_begin ] --START--
INFO: Run Behavior\ReadHtmlCacheBehavior [ RunTime:0.001000s ]
INFO: [ app_begin ] --END-- [ RunTime:0.001000s ]
INFO: [ view_parse ] --START--
INFO: [ template_filter ] --START--
INFO: Run Behavior\ContentReplaceBehavior [ RunTime:0.000000s ]
INFO: [ template_filter ] --END-- [ RunTime:0.000000s ]
INFO: Run Behavior\ParseTemplateBehavior [ RunTime:0.282016s ]
INFO: [ view_parse ] --END-- [ RunTime:0.282016s ]
INFO: [ view_filter ] --START--
INFO: Run Behavior\WriteHtmlCacheBehavior [ RunTime:0.040002s ]
INFO: [ view_filter ] --END-- [ RunTime:0.040002s ]
INFO: [ app_end ] --START--
INFO: Run Behavior\ShowPageTraceBehavior [ RunTime:0.057003s ]
INFO: [ app_end ] --END-- [ RunTime:0.057003s ]

[ 2017-04-15T12:15:52+08:00 ] 127.0.0.1 /Home/Index/login.html
INFO: [ app_init ] --START--
INFO: Run Behavior\BuildLiteBehavior [ RunTime:0.000000s ]
INFO: [ app_init ] --END-- [ RunTime:0.001000s ]
INFO: [ app_begin ] --START--
INFO: Run Behavior\ReadHtmlCacheBehavior [ RunTime:0.001000s ]
INFO: [ app_begin ] --END-- [ RunTime:0.001000s ]
INFO: [ view_parse ] --START--
INFO: [ template_filter ] --START--
INFO: Run Behavior\ContentReplaceBehavior [ RunTime:0.000000s ]
INFO: [ template_filter ] --END-- [ RunTime:0.000000s ]
INFO: Run Behavior\ParseTemplateBehavior [ RunTime:0.007000s ]
INFO: [ view_parse ] --END-- [ RunTime:0.007000s ]
INFO: [ view_filter ] --START--
INFO: Run Behavior\WriteHtmlCacheBehavior [ RunTime:0.000000s ]
INFO: [ view_filter ] --END-- [ RunTime:0.000000s ]
INFO: [ app_end ] --START--
INFO: Run Behavior\ShowPageTraceBehavior [ RunTime:0.003000s ]
INFO: [ app_end ] --END-- [ RunTime:0.003000s ]

[ 2017-04-15T12:15:59+08:00 ] 127.0.0.1 /Home/Index/check
INFO: [ app_init ] --START--
INFO: Run Behavior\BuildLiteBehavior [ RunTime:0.000000s ]
INFO: [ app_init ] --END-- [ RunTime:0.001000s ]
INFO: [ app_begin ] --START--
INFO: Run Behavior\ReadHtmlCacheBehavior [ RunTime:0.001000s ]
INFO: [ app_begin ] --END-- [ RunTime:0.001000s ]
SQL: SHOW COLUMNS FROM `cms_student` [ RunTime:0.0550s ]
SQL: SELECT * FROM `cms_student` WHERE `sno` = '136331111' LIMIT 1   [ RunTime:0.0000s ]

[ 2017-04-15T12:16:00+08:00 ] 127.0.0.1 /Home/Index/index.html
INFO: [ app_init ] --START--
INFO: Run Behavior\BuildLiteBehavior [ RunTime:0.000000s ]
INFO: [ app_init ] --END-- [ RunTime:0.000000s ]
INFO: [ app_begin ] --START--
INFO: Run Behavior\ReadHtmlCacheBehavior [ RunTime:0.000000s ]
INFO: [ app_begin ] --END-- [ RunTime:0.000000s ]
SQL: SHOW COLUMNS FROM `cms_config` [ RunTime:0.0040s ]
SQL: SELECT * FROM `cms_config`  [ RunTime:0.0000s ]
NOTIC: [8] Undefined index: p D:\www\studyspace\CMS\Application\Home\Controller\IndexController.class.php 第 22 行.
NOTIC: [8] Undefined index: pageSize D:\www\studyspace\CMS\Application\Home\Controller\IndexController.class.php 第 23 行.
SQL: SHOW COLUMNS FROM `cms_my_hw` [ RunTime:0.1220s ]
SQL: SHOW COLUMNS FROM `cms_my_hw` [ RunTime:0.0030s ]
SQL: SELECT hw.hw_id,hw.title,cl.classname,hw.createtime,hw.endtime FROM cms_my_hw my LEFT JOIN cms_homework AS hw ON my.hw_id = hw.hw_id LEFT JOIN cms_class AS cl ON hw.class_id = cl.class_id  WHERE `s_id` = 1 AND `status` = 0 ORDER BY myhw_id desc LIMIT 0,4   [ RunTime:0.0010s ]
SQL: SHOW COLUMNS FROM `cms_my_hw` [ RunTime:0.0030s ]
SQL: SELECT COUNT(*) AS tp_Count FROM cms_my_hw my LEFT JOIN cms_homework AS hw ON my.hw_id = hw.hw_id LEFT JOIN cms_class AS cl ON hw.class_id = cl.class_id  WHERE `s_id` = 1 AND `status` = 0 LIMIT 1   [ RunTime:0.0000s ]
INFO: [ view_parse ] --START--
INFO: [ template_filter ] --START--
INFO: Run Behavior\ContentReplaceBehavior [ RunTime:0.001000s ]
INFO: [ template_filter ] --END-- [ RunTime:0.001000s ]
INFO: Run Behavior\ParseTemplateBehavior [ RunTime:0.139008s ]
INFO: [ view_parse ] --END-- [ RunTime:0.139008s ]
INFO: [ view_filter ] --START--
INFO: Run Behavior\WriteHtmlCacheBehavior [ RunTime:0.001000s ]
INFO: [ view_filter ] --END-- [ RunTime:0.001000s ]
INFO: [ app_end ] --START--
INFO: Run Behavior\ShowPageTraceBehavior [ RunTime:0.001000s ]
INFO: [ app_end ] --END-- [ RunTime:0.001000s ]

[ 2017-04-15T12:16:02+08:00 ] 127.0.0.1 /Home/Index/index.html
INFO: [ app_init ] --START--
INFO: Run Behavior\BuildLiteBehavior [ RunTime:0.001000s ]
INFO: [ app_init ] --END-- [ RunTime:0.001000s ]
INFO: [ app_begin ] --START--
INFO: Run Behavior\ReadHtmlCacheBehavior [ RunTime:0.001000s ]
INFO: [ app_begin ] --END-- [ RunTime:0.001000s ]
SQL: SHOW COLUMNS FROM `cms_config` [ RunTime:0.0030s ]
SQL: SELECT * FROM `cms_config`  [ RunTime:0.0010s ]
NOTIC: [8] Undefined index: p D:\www\studyspace\CMS\Application\Home\Controller\IndexController.class.php 第 22 行.
NOTIC: [8] Undefined index: pageSize D:\www\studyspace\CMS\Application\Home\Controller\IndexController.class.php 第 23 行.
SQL: SHOW COLUMNS FROM `cms_my_hw` [ RunTime:0.0030s ]
SQL: SHOW COLUMNS FROM `cms_my_hw` [ RunTime:0.0030s ]
SQL: SELECT hw.hw_id,hw.title,cl.classname,hw.createtime,hw.endtime FROM cms_my_hw my LEFT JOIN cms_homework AS hw ON my.hw_id = hw.hw_id LEFT JOIN cms_class AS cl ON hw.class_id = cl.class_id  WHERE `s_id` = 1 AND `status` = 0 ORDER BY myhw_id desc LIMIT 0,4   [ RunTime:0.0010s ]
SQL: SHOW COLUMNS FROM `cms_my_hw` [ RunTime:0.0020s ]
SQL: SELECT COUNT(*) AS tp_Count FROM cms_my_hw my LEFT JOIN cms_homework AS hw ON my.hw_id = hw.hw_id LEFT JOIN cms_class AS cl ON hw.class_id = cl.class_id  WHERE `s_id` = 1 AND `status` = 0 LIMIT 1   [ RunTime:0.0000s ]
INFO: [ view_parse ] --START--
INFO: [ template_filter ] --START--
INFO: Run Behavior\ContentReplaceBehavior [ RunTime:0.000000s ]
INFO: [ template_filter ] --END-- [ RunTime:0.000000s ]
INFO: Run Behavior\ParseTemplateBehavior [ RunTime:0.011001s ]
INFO: [ view_parse ] --END-- [ RunTime:0.011001s ]
INFO: [ view_filter ] --START--
INFO: Run Behavior\WriteHtmlCacheBehavior [ RunTime:0.000000s ]
INFO: [ view_filter ] --END-- [ RunTime:0.000000s ]
INFO: [ app_end ] --START--
INFO: Run Behavior\ShowPageTraceBehavior [ RunTime:0.001000s ]
INFO: [ app_end ] --END-- [ RunTime:0.001000s ]

[ 2017-04-15T12:16:17+08:00 ] 127.0.0.1 /Home/Index/index.html
INFO: [ app_init ] --START--
INFO: Run Behavior\BuildLiteBehavior [ RunTime:0.000000s ]
INFO: [ app_init ] --END-- [ RunTime:0.000000s ]
INFO: [ app_begin ] --START--
INFO: Run Behavior\ReadHtmlCacheBehavior [ RunTime:0.000000s ]
INFO: [ app_begin ] --END-- [ RunTime:0.000000s ]

[ 2017-04-15T12:16:17+08:00 ] 127.0.0.1 /Home/Index/login.html
INFO: [ app_init ] --START--
INFO: Run Behavior\BuildLiteBehavior [ RunTime:0.000000s ]
INFO: [ app_init ] --END-- [ RunTime:0.000000s ]
INFO: [ app_begin ] --START--
INFO: Run Behavior\ReadHtmlCacheBehavior [ RunTime:0.000000s ]
INFO: [ app_begin ] --END-- [ RunTime:0.000000s ]
INFO: [ view_parse ] --START--
INFO: [ template_filter ] --START--
INFO: Run Behavior\ContentReplaceBehavior [ RunTime:0.000000s ]
INFO: [ template_filter ] --END-- [ RunTime:0.000000s ]
INFO: Run Behavior\ParseTemplateBehavior [ RunTime:0.006000s ]
INFO: [ view_parse ] --END-- [ RunTime:0.006000s ]
INFO: [ view_filter ] --START--
INFO: Run Behavior\WriteHtmlCacheBehavior [ RunTime:0.001000s ]
INFO: [ view_filter ] --END-- [ RunTime:0.001000s ]
INFO: [ app_end ] --START--
INFO: Run Behavior\ShowPageTraceBehavior [ RunTime:0.000000s ]
INFO: [ app_end ] --END-- [ RunTime:0.000000s ]

[ 2017-04-15T12:16:23+08:00 ] 127.0.0.1 /Home/Index/check
INFO: [ app_init ] --START--
INFO: Run Behavior\BuildLiteBehavior [ RunTime:0.000000s ]
INFO: [ app_init ] --END-- [ RunTime:0.000000s ]
INFO: [ app_begin ] --START--
INFO: Run Behavior\ReadHtmlCacheBehavior [ RunTime:0.001001s ]
INFO: [ app_begin ] --END-- [ RunTime:0.001001s ]
SQL: SHOW COLUMNS FROM `cms_student` [ RunTime:0.0030s ]
SQL: SELECT * FROM `cms_student` WHERE `sno` = '136331111' LIMIT 1   [ RunTime:0.0010s ]

[ 2017-04-15T12:16:24+08:00 ] 127.0.0.1 /Home/Index/index.html
INFO: [ app_init ] --START--
INFO: Run Behavior\BuildLiteBehavior [ RunTime:0.000000s ]
INFO: [ app_init ] --END-- [ RunTime:0.001001s ]
INFO: [ app_begin ] --START--
INFO: Run Behavior\ReadHtmlCacheBehavior [ RunTime:0.000000s ]
INFO: [ app_begin ] --END-- [ RunTime:0.000000s ]
SQL: SHOW COLUMNS FROM `cms_config` [ RunTime:0.0030s ]
SQL: SELECT * FROM `cms_config`  [ RunTime:0.0010s ]
NOTIC: [8] Undefined index: p D:\www\studyspace\CMS\Application\Home\Controller\IndexController.class.php 第 22 行.
NOTIC: [8] Undefined index: pageSize D:\www\studyspace\CMS\Application\Home\Controller\IndexController.class.php 第 23 行.
SQL: SHOW COLUMNS FROM `cms_my_hw` [ RunTime:0.0040s ]
SQL: SHOW COLUMNS FROM `cms_my_hw` [ RunTime:0.0030s ]
SQL: SELECT hw.hw_id,hw.title,cl.classname,hw.createtime,hw.endtime FROM cms_my_hw my LEFT JOIN cms_homework AS hw ON my.hw_id = hw.hw_id LEFT JOIN cms_class AS cl ON hw.class_id = cl.class_id  WHERE `s_id` = 1 AND `status` = 0 ORDER BY myhw_id desc LIMIT 0,4   [ RunTime:0.0010s ]
SQL: SHOW COLUMNS FROM `cms_my_hw` [ RunTime:0.0030s ]
SQL: SELECT COUNT(*) AS tp_Count FROM cms_my_hw my LEFT JOIN cms_homework AS hw ON my.hw_id = hw.hw_id LEFT JOIN cms_class AS cl ON hw.class_id = cl.class_id  WHERE `s_id` = 1 AND `status` = 0 LIMIT 1   [ RunTime:0.0010s ]
INFO: [ view_parse ] --START--
INFO: [ template_filter ] --START--
INFO: Run Behavior\ContentReplaceBehavior [ RunTime:0.000000s ]
INFO: [ template_filter ] --END-- [ RunTime:0.001000s ]
INFO: Run Behavior\ParseTemplateBehavior [ RunTime:0.010000s ]
INFO: [ view_parse ] --END-- [ RunTime:0.010000s ]
INFO: [ view_filter ] --START--
INFO: Run Behavior\WriteHtmlCacheBehavior [ RunTime:0.001000s ]
INFO: [ view_filter ] --END-- [ RunTime:0.001000s ]
INFO: [ app_end ] --START--
INFO: Run Behavior\ShowPageTraceBehavior [ RunTime:0.000000s ]
INFO: [ app_end ] --END-- [ RunTime:0.000000s ]

[ 2017-04-15T12:16:27+08:00 ] 127.0.0.1 /Home/Mycourse/index.html
INFO: [ app_init ] --START--
INFO: Run Behavior\BuildLiteBehavior [ RunTime:0.000000s ]
INFO: [ app_init ] --END-- [ RunTime:0.000000s ]
INFO: [ app_begin ] --START--
INFO: Run Behavior\ReadHtmlCacheBehavior [ RunTime:0.002000s ]
INFO: [ app_begin ] --END-- [ RunTime:0.002000s ]
SQL: SHOW COLUMNS FROM `cms_config` [ RunTime:0.0030s ]
SQL: SELECT * FROM `cms_config`  [ RunTime:0.0010s ]
NOTIC: [8] Undefined index: p D:\www\studyspace\CMS\Application\Home\Controller\MycourseController.class.php 第 21 行.
NOTIC: [8] Undefined index: pageSize D:\www\studyspace\CMS\Application\Home\Controller\MycourseController.class.php 第 22 行.
SQL: SHOW COLUMNS FROM `cms_s_c` [ RunTime:0.0240s ]
SQL: SHOW COLUMNS FROM `cms_s_c` [ RunTime:0.0030s ]
SQL: SELECT cl.class_id,co.course_id,cl.classname,cl.issue,co.name,co.picpath,t.realname,t.college,t.qq FROM cms_s_c sc LEFT JOIN cms_class AS cl ON sc.class_id = cl.class_id LEFT JOIN cms_course AS co ON cl.course_id = co.course_id LEFT JOIN cms_teacher AS t ON co.t_id = t.t_id  WHERE `s_id` = 1 ORDER BY sc_id desc LIMIT 0,4   [ RunTime:0.0000s ]
SQL: SHOW COLUMNS FROM `cms_s_c` [ RunTime:0.0030s ]
SQL: SELECT COUNT(*) AS tp_Count FROM cms_s_c sc LEFT JOIN cms_class AS cl ON sc.class_id = cl.class_id LEFT JOIN cms_course AS co ON cl.course_id = co.course_id LEFT JOIN cms_teacher AS t ON co.t_id = t.t_id  WHERE `s_id` = 1 LIMIT 1   [ RunTime:0.0010s ]
INFO: [ view_parse ] --START--
INFO: [ template_filter ] --START--
INFO: Run Behavior\ContentReplaceBehavior [ RunTime:0.000000s ]
INFO: [ template_filter ] --END-- [ RunTime:0.000000s ]
INFO: Run Behavior\ParseTemplateBehavior [ RunTime:0.020001s ]
INFO: [ view_parse ] --END-- [ RunTime:0.020001s ]
INFO: [ view_filter ] --START--
INFO: Run Behavior\WriteHtmlCacheBehavior [ RunTime:0.000000s ]
INFO: [ view_filter ] --END-- [ RunTime:0.000000s ]
INFO: [ app_end ] --START--
INFO: Run Behavior\ShowPageTraceBehavior [ RunTime:0.001000s ]
INFO: [ app_end ] --END-- [ RunTime:0.001000s ]

[ 2017-04-15T12:16:28+08:00 ] 127.0.0.1 /Home/Class/detail.html?id=2
INFO: [ app_init ] --START--
INFO: Run Behavior\BuildLiteBehavior [ RunTime:0.000000s ]
INFO: [ app_init ] --END-- [ RunTime:0.000000s ]
INFO: [ app_begin ] --START--
INFO: Run Behavior\ReadHtmlCacheBehavior [ RunTime:0.000000s ]
INFO: [ app_begin ] --END-- [ RunTime:0.000000s ]
SQL: SHOW COLUMNS FROM `cms_class` [ RunTime:0.0040s ]
SQL: SELECT * FROM `cms_class` WHERE ( class_id=2 ) LIMIT 1   [ RunTime:0.0000s ]
SQL: SHOW COLUMNS FROM `cms_course` [ RunTime:0.0080s ]
SQL: SELECT * FROM `cms_course` WHERE ( course_id=1 ) LIMIT 1   [ RunTime:0.0000s ]
SQL: SHOW COLUMNS FROM `cms_teacher` [ RunTime:0.0040s ]
SQL: SELECT * FROM `cms_teacher` WHERE ( t_id=1 ) LIMIT 1   [ RunTime:0.0000s ]
SQL: SHOW COLUMNS FROM `cms_config` [ RunTime:0.0050s ]
SQL: SELECT * FROM `cms_config`  [ RunTime:0.0000s ]
NOTIC: [8] Undefined index: p D:\www\studyspace\CMS\Application\Home\Controller\ClassController.class.php 第 54 行.
NOTIC: [8] Undefined index: pageSize D:\www\studyspace\CMS\Application\Home\Controller\ClassController.class.php 第 55 行.
SQL: SHOW COLUMNS FROM `cms_share` [ RunTime:0.0040s ]
SQL: SELECT * FROM `cms_share` WHERE `course_id` = 1 ORDER BY share_id desc LIMIT 0,4   [ RunTime:0.0000s ]
SQL: SELECT COUNT(*) AS tp_Count FROM `cms_share` WHERE `course_id` = 1 LIMIT 1   [ RunTime:0.0010s ]
INFO: [ view_parse ] --START--
INFO: [ template_filter ] --START--
INFO: Run Behavior\ContentReplaceBehavior [ RunTime:0.000000s ]
INFO: [ template_filter ] --END-- [ RunTime:0.000000s ]
INFO: Run Behavior\ParseTemplateBehavior [ RunTime:0.029002s ]
INFO: [ view_parse ] --END-- [ RunTime:0.029002s ]
INFO: [ view_filter ] --START--
INFO: Run Behavior\WriteHtmlCacheBehavior [ RunTime:0.000000s ]
INFO: [ view_filter ] --END-- [ RunTime:0.000000s ]
INFO: [ app_end ] --START--
INFO: Run Behavior\ShowPageTraceBehavior [ RunTime:0.000000s ]
INFO: [ app_end ] --END-- [ RunTime:0.001000s ]

[ 2017-04-15T12:16:31+08:00 ] 127.0.0.1 /Home/Class/detail.html?id=1
INFO: [ app_init ] --START--
INFO: Run Behavior\BuildLiteBehavior [ RunTime:0.000000s ]
INFO: [ app_init ] --END-- [ RunTime:0.000000s ]
INFO: [ app_begin ] --START--
INFO: Run Behavior\ReadHtmlCacheBehavior [ RunTime:0.001000s ]
INFO: [ app_begin ] --END-- [ RunTime:0.001000s ]
SQL: SHOW COLUMNS FROM `cms_class` [ RunTime:0.0040s ]
SQL: SELECT * FROM `cms_class` WHERE ( class_id=1 ) LIMIT 1   [ RunTime:0.0000s ]
SQL: SHOW COLUMNS FROM `cms_course` [ RunTime:0.0040s ]
SQL: SELECT * FROM `cms_course` WHERE ( course_id=2 ) LIMIT 1   [ RunTime:0.0000s ]
SQL: SHOW COLUMNS FROM `cms_teacher` [ RunTime:0.0030s ]
SQL: SELECT * FROM `cms_teacher` WHERE ( t_id=1 ) LIMIT 1   [ RunTime:0.0000s ]
SQL: SHOW COLUMNS FROM `cms_config` [ RunTime:0.0030s ]
SQL: SELECT * FROM `cms_config`  [ RunTime:0.0000s ]
NOTIC: [8] Undefined index: p D:\www\studyspace\CMS\Application\Home\Controller\ClassController.class.php 第 54 行.
NOTIC: [8] Undefined index: pageSize D:\www\studyspace\CMS\Application\Home\Controller\ClassController.class.php 第 55 行.
SQL: SHOW COLUMNS FROM `cms_share` [ RunTime:0.0030s ]
SQL: SELECT * FROM `cms_share` WHERE `course_id` = 2 ORDER BY share_id desc LIMIT 0,4   [ RunTime:0.0000s ]
SQL: SELECT COUNT(*) AS tp_Count FROM `cms_share` WHERE `course_id` = 2 LIMIT 1   [ RunTime:0.0000s ]
INFO: [ view_parse ] --START--
INFO: [ template_filter ] --START--
INFO: Run Behavior\ContentReplaceBehavior [ RunTime:0.000000s ]
INFO: [ template_filter ] --END-- [ RunTime:0.000000s ]
INFO: Run Behavior\ParseTemplateBehavior [ RunTime:0.008000s ]
INFO: [ view_parse ] --END-- [ RunTime:0.008000s ]
INFO: [ view_filter ] --START--
INFO: Run Behavior\WriteHtmlCacheBehavior [ RunTime:0.001000s ]
INFO: [ view_filter ] --END-- [ RunTime:0.001000s ]
INFO: [ app_end ] --START--
INFO: Run Behavior\ShowPageTraceBehavior [ RunTime:0.000000s ]
INFO: [ app_end ] --END-- [ RunTime:0.000000s ]

