[ 2017-04-14T20:41:06+08:00 ] 127.0.0.1 /Home/Index/statics.html
INFO: [ app_init ] --START--
INFO: Run Behavior\BuildLiteBehavior [ RunTime:0.000000s ]
INFO: [ app_init ] --END-- [ RunTime:0.001000s ]
INFO: [ app_begin ] --START--
INFO: Run Behavior\ReadHtmlCacheBehavior [ RunTime:0.001000s ]
INFO: [ app_begin ] --END-- [ RunTime:0.001000s ]
SQL: SHOW COLUMNS FROM `cms_my_hw` [ RunTime:0.0040s ]
SQL: SELECT COUNT(*) AS tp_Count FROM `cms_my_hw` WHERE `s_id` = 1 AND `status` = 1 LIMIT 1   [ RunTime:0.0010s ]
SQL: SELECT COUNT(*) AS tp_Count FROM `cms_my_hw` WHERE `s_id` = 1 AND `status` = 0 LIMIT 1   [ RunTime:0.0000s ]
INFO: [ view_parse ] --START--
INFO: [ template_filter ] --START--
INFO: Run Behavior\ContentReplaceBehavior [ RunTime:0.000000s ]
INFO: [ template_filter ] --END-- [ RunTime:0.000000s ]
INFO: Run Behavior\ParseTemplateBehavior [ RunTime:0.009001s ]
INFO: [ view_parse ] --END-- [ RunTime:0.009001s ]
INFO: [ view_filter ] --START--
INFO: Run Behavior\WriteHtmlCacheBehavior [ RunTime:0.001000s ]
INFO: [ view_filter ] --END-- [ RunTime:0.001000s ]
INFO: [ app_end ] --START--
INFO: Run Behavior\ShowPageTraceBehavior [ RunTime:0.000000s ]
INFO: [ app_end ] --END-- [ RunTime:0.001000s ]

[ 2017-04-14T20:41:06+08:00 ] 127.0.0.1 /Home/Index/chartdata/sid/1
INFO: [ app_init ] --START--
INFO: Run Behavior\BuildLiteBehavior [ RunTime:0.000000s ]
INFO: [ app_init ] --END-- [ RunTime:0.000000s ]
INFO: [ app_begin ] --START--
INFO: Run Behavior\ReadHtmlCacheBehavior [ RunTime:0.000000s ]
INFO: [ app_begin ] --END-- [ RunTime:0.000000s ]
SQL: SHOW COLUMNS FROM `cms_donehw` [ RunTime:0.0030s ]
SQL: SELECT count(dhw_id) AS count ,DATE_FORMAT(updatetime,'%Y-%m-%d') AS timer from cms_donehw where s_id=1 group by timer [ RunTime:0.0000s ]

[ 2017-04-14T20:41:54+08:00 ] 127.0.0.1 /Home/Index/statics.html
INFO: [ app_init ] --START--
INFO: Run Behavior\BuildLiteBehavior [ RunTime:0.000000s ]
INFO: [ app_init ] --END-- [ RunTime:0.000000s ]
INFO: [ app_begin ] --START--
INFO: Run Behavior\ReadHtmlCacheBehavior [ RunTime:0.000000s ]
INFO: [ app_begin ] --END-- [ RunTime:0.000000s ]
SQL: SHOW COLUMNS FROM `cms_my_hw` [ RunTime:0.0520s ]
SQL: SELECT COUNT(*) AS tp_Count FROM `cms_my_hw` WHERE `s_id` = 1 AND `status` = 1 LIMIT 1   [ RunTime:0.0000s ]
SQL: SELECT COUNT(*) AS tp_Count FROM `cms_my_hw` WHERE `s_id` = 1 AND `status` = 0 LIMIT 1   [ RunTime:0.0010s ]
INFO: [ view_parse ] --START--
INFO: [ template_filter ] --START--
INFO: Run Behavior\ContentReplaceBehavior [ RunTime:0.000000s ]
INFO: [ template_filter ] --END-- [ RunTime:0.000000s ]
INFO: Run Behavior\ParseTemplateBehavior [ RunTime:0.011001s ]
INFO: [ view_parse ] --END-- [ RunTime:0.011001s ]
INFO: [ view_filter ] --START--
INFO: Run Behavior\WriteHtmlCacheBehavior [ RunTime:0.001000s ]
INFO: [ view_filter ] --END-- [ RunTime:0.001000s ]
INFO: [ app_end ] --START--
INFO: Run Behavior\ShowPageTraceBehavior [ RunTime:0.000000s ]
INFO: [ app_end ] --END-- [ RunTime:0.001000s ]

[ 2017-04-14T20:41:54+08:00 ] 127.0.0.1 /Home/Index/chartdata/sid/1
INFO: [ app_init ] --START--
INFO: Run Behavior\BuildLiteBehavior [ RunTime:0.000000s ]
INFO: [ app_init ] --END-- [ RunTime:0.000000s ]
INFO: [ app_begin ] --START--
INFO: Run Behavior\ReadHtmlCacheBehavior [ RunTime:0.002001s ]
INFO: [ app_begin ] --END-- [ RunTime:0.002001s ]
SQL: SHOW COLUMNS FROM `cms_donehw` [ RunTime:0.0030s ]
SQL: SELECT count(dhw_id) AS count ,DATE_FORMAT(updatetime,'%Y-%m-%d') AS timer from cms_donehw where s_id=1 group by timer [ RunTime:0.0010s ]

[ 2017-04-14T20:42:23+08:00 ] 127.0.0.1 /Home/Index/statics.html
INFO: [ app_init ] --START--
INFO: Run Behavior\BuildLiteBehavior [ RunTime:0.000000s ]
INFO: [ app_init ] --END-- [ RunTime:0.001000s ]
INFO: [ app_begin ] --START--
INFO: Run Behavior\ReadHtmlCacheBehavior [ RunTime:0.001000s ]
INFO: [ app_begin ] --END-- [ RunTime:0.001000s ]
SQL: SHOW COLUMNS FROM `cms_my_hw` [ RunTime:0.0030s ]
SQL: SELECT COUNT(*) AS tp_Count FROM `cms_my_hw` WHERE `s_id` = 1 AND `status` = 1 LIMIT 1   [ RunTime:0.0000s ]
SQL: SELECT COUNT(*) AS tp_Count FROM `cms_my_hw` WHERE `s_id` = 1 AND `status` = 0 LIMIT 1   [ RunTime:0.0000s ]
INFO: [ view_parse ] --START--
INFO: [ template_filter ] --START--
INFO: Run Behavior\ContentReplaceBehavior [ RunTime:0.000000s ]
INFO: [ template_filter ] --END-- [ RunTime:0.000000s ]
INFO: Run Behavior\ParseTemplateBehavior [ RunTime:0.008000s ]
INFO: [ view_parse ] --END-- [ RunTime:0.008000s ]
INFO: [ view_filter ] --START--
INFO: Run Behavior\WriteHtmlCacheBehavior [ RunTime:0.000000s ]
INFO: [ view_filter ] --END-- [ RunTime:0.000000s ]
INFO: [ app_end ] --START--
INFO: Run Behavior\ShowPageTraceBehavior [ RunTime:0.001000s ]
INFO: [ app_end ] --END-- [ RunTime:0.001000s ]

[ 2017-04-14T20:42:24+08:00 ] 127.0.0.1 /Home/Index/chartdata/sid/1
INFO: [ app_init ] --START--
INFO: Run Behavior\BuildLiteBehavior [ RunTime:0.000000s ]
INFO: [ app_init ] --END-- [ RunTime:0.000000s ]
INFO: [ app_begin ] --START--
INFO: Run Behavior\ReadHtmlCacheBehavior [ RunTime:0.000000s ]
INFO: [ app_begin ] --END-- [ RunTime:0.001000s ]
SQL: SHOW COLUMNS FROM `cms_donehw` [ RunTime:0.0100s ]
SQL: SELECT count(dhw_id) AS count ,DATE_FORMAT(updatetime,'%Y-%m-%d') AS timer from cms_donehw where s_id=1 group by timer [ RunTime:0.0010s ]

[ 2017-04-14T20:42:49+08:00 ] 127.0.0.1 /Home/Mycourse/index.html
INFO: [ app_init ] --START--
INFO: Run Behavior\BuildLiteBehavior [ RunTime:0.000000s ]
INFO: [ app_init ] --END-- [ RunTime:0.001000s ]
INFO: [ app_begin ] --START--
INFO: Run Behavior\ReadHtmlCacheBehavior [ RunTime:0.001000s ]
INFO: [ app_begin ] --END-- [ RunTime:0.001000s ]
SQL: SHOW COLUMNS FROM `cms_config` [ RunTime:0.0040s ]
SQL: SELECT * FROM `cms_config`  [ RunTime:0.0000s ]
NOTIC: [8] Undefined index: p D:\www\studyspace\CMS\Application\Home\Controller\MycourseController.class.php 第 21 行.
NOTIC: [8] Undefined index: pageSize D:\www\studyspace\CMS\Application\Home\Controller\MycourseController.class.php 第 22 行.
SQL: SHOW COLUMNS FROM `cms_s_c` [ RunTime:0.0030s ]
SQL: SHOW COLUMNS FROM `cms_s_c` [ RunTime:0.0030s ]
SQL: SELECT cl.class_id,co.course_id,cl.classname,cl.issue,co.name,co.picpath,t.realname,t.college,t.qq FROM cms_s_c sc LEFT JOIN cms_class AS cl ON sc.class_id = cl.class_id LEFT JOIN cms_course AS co ON cl.course_id = co.course_id LEFT JOIN cms_teacher AS t ON co.t_id = t.t_id  WHERE `s_id` = 1 ORDER BY sc_id desc LIMIT 0,4   [ RunTime:0.0050s ]
SQL: SHOW COLUMNS FROM `cms_s_c` [ RunTime:0.0040s ]
SQL: SELECT COUNT(*) AS tp_Count FROM cms_s_c sc LEFT JOIN cms_class AS cl ON sc.class_id = cl.class_id LEFT JOIN cms_course AS co ON cl.course_id = co.course_id LEFT JOIN cms_teacher AS t ON co.t_id = t.t_id  WHERE `s_id` = 1 LIMIT 1   [ RunTime:0.0000s ]
INFO: [ view_parse ] --START--
INFO: [ template_filter ] --START--
INFO: Run Behavior\ContentReplaceBehavior [ RunTime:0.000000s ]
INFO: [ template_filter ] --END-- [ RunTime:0.000000s ]
INFO: Run Behavior\ParseTemplateBehavior [ RunTime:0.087005s ]
INFO: [ view_parse ] --END-- [ RunTime:0.087005s ]
INFO: [ view_filter ] --START--
INFO: Run Behavior\WriteHtmlCacheBehavior [ RunTime:0.001000s ]
INFO: [ view_filter ] --END-- [ RunTime:0.001000s ]
INFO: [ app_end ] --START--
INFO: Run Behavior\ShowPageTraceBehavior [ RunTime:0.001000s ]
INFO: [ app_end ] --END-- [ RunTime:0.001000s ]

[ 2017-04-14T20:44:03+08:00 ] 127.0.0.1 /Home/Donehw/index.html
INFO: [ app_init ] --START--
INFO: Run Behavior\BuildLiteBehavior [ RunTime:0.000000s ]
INFO: [ app_init ] --END-- [ RunTime:0.000000s ]
INFO: [ app_begin ] --START--
INFO: Run Behavior\ReadHtmlCacheBehavior [ RunTime:0.001000s ]
INFO: [ app_begin ] --END-- [ RunTime:0.001000s ]
SQL: SHOW COLUMNS FROM `cms_config` [ RunTime:0.0030s ]
SQL: SELECT * FROM `cms_config`  [ RunTime:0.0000s ]
NOTIC: [8] Undefined index: p D:\www\studyspace\CMS\Application\Home\Controller\DonehwController.class.php 第 21 行.
NOTIC: [8] Undefined index: pageSize D:\www\studyspace\CMS\Application\Home\Controller\DonehwController.class.php 第 22 行.
SQL: SHOW COLUMNS FROM `cms_donehw` [ RunTime:0.0050s ]
SQL: SHOW COLUMNS FROM `cms_donehw` [ RunTime:0.0040s ]
SQL: SELECT d.dhw_id,d.status,hw.hw_id,hw.title,cl.classname,d.updatetime FROM cms_donehw d LEFT JOIN cms_homework AS hw ON d.hw_id = hw.hw_id LEFT JOIN cms_class AS cl ON hw.class_id = cl.class_id  WHERE `s_id` = 1 ORDER BY dhw_id desc LIMIT 0,4   [ RunTime:0.0010s ]
SQL: SHOW COLUMNS FROM `cms_donehw` [ RunTime:0.0030s ]
SQL: SELECT COUNT(*) AS tp_Count FROM cms_donehw d LEFT JOIN cms_homework AS hw ON d.hw_id = hw.hw_id LEFT JOIN cms_class AS cl ON hw.class_id = cl.class_id  WHERE `s_id` = 1 LIMIT 1   [ RunTime:0.0010s ]
INFO: [ view_parse ] --START--
INFO: [ template_filter ] --START--
INFO: Run Behavior\ContentReplaceBehavior [ RunTime:0.000000s ]
INFO: [ template_filter ] --END-- [ RunTime:0.000000s ]
INFO: Run Behavior\ParseTemplateBehavior [ RunTime:0.014001s ]
INFO: [ view_parse ] --END-- [ RunTime:0.014001s ]
INFO: [ view_filter ] --START--
INFO: Run Behavior\WriteHtmlCacheBehavior [ RunTime:0.001000s ]
INFO: [ view_filter ] --END-- [ RunTime:0.001000s ]
INFO: [ app_end ] --START--
INFO: Run Behavior\ShowPageTraceBehavior [ RunTime:0.001000s ]
INFO: [ app_end ] --END-- [ RunTime:0.001000s ]

[ 2017-04-14T20:44:04+08:00 ] 127.0.0.1 /Home/User/index.html
INFO: [ app_init ] --START--
INFO: Run Behavior\BuildLiteBehavior [ RunTime:0.000000s ]
INFO: [ app_init ] --END-- [ RunTime:0.001000s ]
INFO: [ app_begin ] --START--
INFO: Run Behavior\ReadHtmlCacheBehavior [ RunTime:0.000000s ]
INFO: [ app_begin ] --END-- [ RunTime:0.001000s ]
INFO: [ view_parse ] --START--
INFO: [ template_filter ] --START--
INFO: Run Behavior\ContentReplaceBehavior [ RunTime:0.000000s ]
INFO: [ template_filter ] --END-- [ RunTime:0.000000s ]
INFO: Run Behavior\ParseTemplateBehavior [ RunTime:0.024001s ]
INFO: [ view_parse ] --END-- [ RunTime:0.024001s ]
INFO: [ view_filter ] --START--
INFO: Run Behavior\WriteHtmlCacheBehavior [ RunTime:0.000000s ]
INFO: [ view_filter ] --END-- [ RunTime:0.000000s ]
INFO: [ app_end ] --START--
INFO: Run Behavior\ShowPageTraceBehavior [ RunTime:0.001001s ]
INFO: [ app_end ] --END-- [ RunTime:0.001001s ]

[ 2017-04-14T20:44:13+08:00 ] 127.0.0.1 /Home/User/index.html
INFO: [ app_init ] --START--
INFO: Run Behavior\BuildLiteBehavior [ RunTime:0.000000s ]
INFO: [ app_init ] --END-- [ RunTime:0.001000s ]
INFO: [ app_begin ] --START--
INFO: Run Behavior\ReadHtmlCacheBehavior [ RunTime:0.001000s ]
INFO: [ app_begin ] --END-- [ RunTime:0.001000s ]
INFO: [ view_parse ] --START--
INFO: [ template_filter ] --START--
INFO: Run Behavior\ContentReplaceBehavior [ RunTime:0.000000s ]
INFO: [ template_filter ] --END-- [ RunTime:0.000000s ]
INFO: Run Behavior\ParseTemplateBehavior [ RunTime:0.017001s ]
INFO: [ view_parse ] --END-- [ RunTime:0.017001s ]
INFO: [ view_filter ] --START--
INFO: Run Behavior\WriteHtmlCacheBehavior [ RunTime:0.000000s ]
INFO: [ view_filter ] --END-- [ RunTime:0.000000s ]
INFO: [ app_end ] --START--
INFO: Run Behavior\ShowPageTraceBehavior [ RunTime:0.001000s ]
INFO: [ app_end ] --END-- [ RunTime:0.001000s ]

[ 2017-04-14T20:44:16+08:00 ] 127.0.0.1 /Home/User/index.html
INFO: [ app_init ] --START--
INFO: Run Behavior\BuildLiteBehavior [ RunTime:0.000000s ]
INFO: [ app_init ] --END-- [ RunTime:0.000000s ]
INFO: [ app_begin ] --START--
INFO: Run Behavior\ReadHtmlCacheBehavior [ RunTime:0.001000s ]
INFO: [ app_begin ] --END-- [ RunTime:0.001000s ]
INFO: [ view_parse ] --START--
INFO: [ template_filter ] --START--
INFO: Run Behavior\ContentReplaceBehavior [ RunTime:0.001000s ]
INFO: [ template_filter ] --END-- [ RunTime:0.001000s ]
INFO: Run Behavior\ParseTemplateBehavior [ RunTime:0.009001s ]
INFO: [ view_parse ] --END-- [ RunTime:0.009001s ]
INFO: [ view_filter ] --START--
INFO: Run Behavior\WriteHtmlCacheBehavior [ RunTime:0.001000s ]
INFO: [ view_filter ] --END-- [ RunTime:0.001000s ]
INFO: [ app_end ] --START--
INFO: Run Behavior\ShowPageTraceBehavior [ RunTime:0.001000s ]
INFO: [ app_end ] --END-- [ RunTime:0.001000s ]

[ 2017-04-14T20:44:18+08:00 ] 127.0.0.1 /Home/Index/statics.html
INFO: [ app_init ] --START--
INFO: Run Behavior\BuildLiteBehavior [ RunTime:0.000000s ]
INFO: [ app_init ] --END-- [ RunTime:0.000000s ]
INFO: [ app_begin ] --START--
INFO: Run Behavior\ReadHtmlCacheBehavior [ RunTime:0.000000s ]
INFO: [ app_begin ] --END-- [ RunTime:0.000000s ]
SQL: SHOW COLUMNS FROM `cms_my_hw` [ RunTime:0.0090s ]
SQL: SELECT COUNT(*) AS tp_Count FROM `cms_my_hw` WHERE `s_id` = 1 AND `status` = 1 LIMIT 1   [ RunTime:0.0000s ]
SQL: SELECT COUNT(*) AS tp_Count FROM `cms_my_hw` WHERE `s_id` = 1 AND `status` = 0 LIMIT 1   [ RunTime:0.0010s ]
INFO: [ view_parse ] --START--
INFO: [ template_filter ] --START--
INFO: Run Behavior\ContentReplaceBehavior [ RunTime:0.000000s ]
INFO: [ template_filter ] --END-- [ RunTime:0.000000s ]
INFO: Run Behavior\ParseTemplateBehavior [ RunTime:0.009000s ]
INFO: [ view_parse ] --END-- [ RunTime:0.009000s ]
INFO: [ view_filter ] --START--
INFO: Run Behavior\WriteHtmlCacheBehavior [ RunTime:0.000000s ]
INFO: [ view_filter ] --END-- [ RunTime:0.000000s ]
INFO: [ app_end ] --START--
INFO: Run Behavior\ShowPageTraceBehavior [ RunTime:0.001000s ]
INFO: [ app_end ] --END-- [ RunTime:0.001000s ]

[ 2017-04-14T20:44:18+08:00 ] 127.0.0.1 /Home/Index/chartdata/sid/1
INFO: [ app_init ] --START--
INFO: Run Behavior\BuildLiteBehavior [ RunTime:0.000000s ]
INFO: [ app_init ] --END-- [ RunTime:0.000000s ]
INFO: [ app_begin ] --START--
INFO: Run Behavior\ReadHtmlCacheBehavior [ RunTime:0.001000s ]
INFO: [ app_begin ] --END-- [ RunTime:0.001000s ]
SQL: SHOW COLUMNS FROM `cms_donehw` [ RunTime:0.0040s ]
SQL: SELECT count(dhw_id) AS count ,DATE_FORMAT(updatetime,'%Y-%m-%d') AS timer from cms_donehw where s_id=1 group by timer [ RunTime:0.0050s ]

[ 2017-04-14T20:44:22+08:00 ] 127.0.0.1 /Home/Index/index.html
INFO: [ app_init ] --START--
INFO: Run Behavior\BuildLiteBehavior [ RunTime:0.000000s ]
INFO: [ app_init ] --END-- [ RunTime:0.000000s ]
INFO: [ app_begin ] --START--
INFO: Run Behavior\ReadHtmlCacheBehavior [ RunTime:0.000000s ]
INFO: [ app_begin ] --END-- [ RunTime:0.000000s ]
SQL: SHOW COLUMNS FROM `cms_config` [ RunTime:0.0030s ]
SQL: SELECT * FROM `cms_config`  [ RunTime:0.0000s ]
NOTIC: [8] Undefined index: p D:\www\studyspace\CMS\Application\Home\Controller\IndexController.class.php 第 22 行.
NOTIC: [8] Undefined index: pageSize D:\www\studyspace\CMS\Application\Home\Controller\IndexController.class.php 第 23 行.
SQL: SHOW COLUMNS FROM `cms_my_hw` [ RunTime:0.0030s ]
SQL: SHOW COLUMNS FROM `cms_my_hw` [ RunTime:0.0030s ]
SQL: SELECT hw.hw_id,hw.title,cl.classname,hw.createtime,hw.endtime FROM cms_my_hw my LEFT JOIN cms_homework AS hw ON my.hw_id = hw.hw_id LEFT JOIN cms_class AS cl ON hw.class_id = cl.class_id  WHERE `s_id` = 1 AND `status` = 0 ORDER BY myhw_id desc LIMIT 0,4   [ RunTime:0.0010s ]
SQL: SHOW COLUMNS FROM `cms_my_hw` [ RunTime:0.0030s ]
SQL: SELECT COUNT(*) AS tp_Count FROM cms_my_hw my LEFT JOIN cms_homework AS hw ON my.hw_id = hw.hw_id LEFT JOIN cms_class AS cl ON hw.class_id = cl.class_id  WHERE `s_id` = 1 AND `status` = 0 LIMIT 1   [ RunTime:0.0000s ]
INFO: [ view_parse ] --START--
INFO: [ template_filter ] --START--
INFO: Run Behavior\ContentReplaceBehavior [ RunTime:0.001000s ]
INFO: [ template_filter ] --END-- [ RunTime:0.001000s ]
INFO: Run Behavior\ParseTemplateBehavior [ RunTime:0.010000s ]
INFO: [ view_parse ] --END-- [ RunTime:0.010000s ]
INFO: [ view_filter ] --START--
INFO: Run Behavior\WriteHtmlCacheBehavior [ RunTime:0.001000s ]
INFO: [ view_filter ] --END-- [ RunTime:0.001000s ]
INFO: [ app_end ] --START--
INFO: Run Behavior\ShowPageTraceBehavior [ RunTime:0.002000s ]
INFO: [ app_end ] --END-- [ RunTime:0.002000s ]

[ 2017-04-14T20:44:23+08:00 ] 127.0.0.1 /Home/Mycourse/index.html
INFO: [ app_init ] --START--
INFO: Run Behavior\BuildLiteBehavior [ RunTime:0.000000s ]
INFO: [ app_init ] --END-- [ RunTime:0.001000s ]
INFO: [ app_begin ] --START--
INFO: Run Behavior\ReadHtmlCacheBehavior [ RunTime:0.001000s ]
INFO: [ app_begin ] --END-- [ RunTime:0.001000s ]
SQL: SHOW COLUMNS FROM `cms_config` [ RunTime:0.0030s ]
SQL: SELECT * FROM `cms_config`  [ RunTime:0.0000s ]
NOTIC: [8] Undefined index: p D:\www\studyspace\CMS\Application\Home\Controller\MycourseController.class.php 第 21 行.
NOTIC: [8] Undefined index: pageSize D:\www\studyspace\CMS\Application\Home\Controller\MycourseController.class.php 第 22 行.
SQL: SHOW COLUMNS FROM `cms_s_c` [ RunTime:0.0030s ]
SQL: SHOW COLUMNS FROM `cms_s_c` [ RunTime:0.0030s ]
SQL: SELECT cl.class_id,co.course_id,cl.classname,cl.issue,co.name,co.picpath,t.realname,t.college,t.qq FROM cms_s_c sc LEFT JOIN cms_class AS cl ON sc.class_id = cl.class_id LEFT JOIN cms_course AS co ON cl.course_id = co.course_id LEFT JOIN cms_teacher AS t ON co.t_id = t.t_id  WHERE `s_id` = 1 ORDER BY sc_id desc LIMIT 0,4   [ RunTime:0.0000s ]
SQL: SHOW COLUMNS FROM `cms_s_c` [ RunTime:0.0030s ]
SQL: SELECT COUNT(*) AS tp_Count FROM cms_s_c sc LEFT JOIN cms_class AS cl ON sc.class_id = cl.class_id LEFT JOIN cms_course AS co ON cl.course_id = co.course_id LEFT JOIN cms_teacher AS t ON co.t_id = t.t_id  WHERE `s_id` = 1 LIMIT 1   [ RunTime:0.0010s ]
INFO: [ view_parse ] --START--
INFO: [ template_filter ] --START--
INFO: Run Behavior\ContentReplaceBehavior [ RunTime:0.000000s ]
INFO: [ template_filter ] --END-- [ RunTime:0.000000s ]
INFO: Run Behavior\ParseTemplateBehavior [ RunTime:0.011000s ]
INFO: [ view_parse ] --END-- [ RunTime:0.011000s ]
INFO: [ view_filter ] --START--
INFO: Run Behavior\WriteHtmlCacheBehavior [ RunTime:0.000000s ]
INFO: [ view_filter ] --END-- [ RunTime:0.000000s ]
INFO: [ app_end ] --START--
INFO: Run Behavior\ShowPageTraceBehavior [ RunTime:0.001000s ]
INFO: [ app_end ] --END-- [ RunTime:0.001000s ]

[ 2017-04-14T20:44:24+08:00 ] 127.0.0.1 /Home/Index/statics.html
INFO: [ app_init ] --START--
INFO: Run Behavior\BuildLiteBehavior [ RunTime:0.000000s ]
INFO: [ app_init ] --END-- [ RunTime:0.000000s ]
INFO: [ app_begin ] --START--
INFO: Run Behavior\ReadHtmlCacheBehavior [ RunTime:0.001000s ]
INFO: [ app_begin ] --END-- [ RunTime:0.001000s ]
SQL: SHOW COLUMNS FROM `cms_my_hw` [ RunTime:0.0030s ]
SQL: SELECT COUNT(*) AS tp_Count FROM `cms_my_hw` WHERE `s_id` = 1 AND `status` = 1 LIMIT 1   [ RunTime:0.0000s ]
SQL: SELECT COUNT(*) AS tp_Count FROM `cms_my_hw` WHERE `s_id` = 1 AND `status` = 0 LIMIT 1   [ RunTime:0.0000s ]
INFO: [ view_parse ] --START--
INFO: [ template_filter ] --START--
INFO: Run Behavior\ContentReplaceBehavior [ RunTime:0.000000s ]
INFO: [ template_filter ] --END-- [ RunTime:0.000000s ]
INFO: Run Behavior\ParseTemplateBehavior [ RunTime:0.008000s ]
INFO: [ view_parse ] --END-- [ RunTime:0.008000s ]
INFO: [ view_filter ] --START--
INFO: Run Behavior\WriteHtmlCacheBehavior [ RunTime:0.001000s ]
INFO: [ view_filter ] --END-- [ RunTime:0.001000s ]
INFO: [ app_end ] --START--
INFO: Run Behavior\ShowPageTraceBehavior [ RunTime:0.000000s ]
INFO: [ app_end ] --END-- [ RunTime:0.000000s ]

[ 2017-04-14T20:44:25+08:00 ] 127.0.0.1 /Home/Index/chartdata/sid/1
INFO: [ app_init ] --START--
INFO: Run Behavior\BuildLiteBehavior [ RunTime:0.000000s ]
INFO: [ app_init ] --END-- [ RunTime:0.001000s ]
INFO: [ app_begin ] --START--
INFO: Run Behavior\ReadHtmlCacheBehavior [ RunTime:0.000000s ]
INFO: [ app_begin ] --END-- [ RunTime:0.000000s ]
SQL: SHOW COLUMNS FROM `cms_donehw` [ RunTime:0.0040s ]
SQL: SELECT count(dhw_id) AS count ,DATE_FORMAT(updatetime,'%Y-%m-%d') AS timer from cms_donehw where s_id=1 group by timer [ RunTime:0.0000s ]

[ 2017-04-14T20:44:26+08:00 ] 127.0.0.1 /Home/Donehw/index.html
INFO: [ app_init ] --START--
INFO: Run Behavior\BuildLiteBehavior [ RunTime:0.000000s ]
INFO: [ app_init ] --END-- [ RunTime:0.000000s ]
INFO: [ app_begin ] --START--
INFO: Run Behavior\ReadHtmlCacheBehavior [ RunTime:0.001000s ]
INFO: [ app_begin ] --END-- [ RunTime:0.001000s ]
SQL: SHOW COLUMNS FROM `cms_config` [ RunTime:0.0030s ]
SQL: SELECT * FROM `cms_config`  [ RunTime:0.0000s ]
NOTIC: [8] Undefined index: p D:\www\studyspace\CMS\Application\Home\Controller\DonehwController.class.php 第 21 行.
NOTIC: [8] Undefined index: pageSize D:\www\studyspace\CMS\Application\Home\Controller\DonehwController.class.php 第 22 行.
SQL: SHOW COLUMNS FROM `cms_donehw` [ RunTime:0.0030s ]
SQL: SHOW COLUMNS FROM `cms_donehw` [ RunTime:0.0030s ]
SQL: SELECT d.dhw_id,d.status,hw.hw_id,hw.title,cl.classname,d.updatetime FROM cms_donehw d LEFT JOIN cms_homework AS hw ON d.hw_id = hw.hw_id LEFT JOIN cms_class AS cl ON hw.class_id = cl.class_id  WHERE `s_id` = 1 ORDER BY dhw_id desc LIMIT 0,4   [ RunTime:0.0010s ]
SQL: SHOW COLUMNS FROM `cms_donehw` [ RunTime:0.0110s ]
SQL: SELECT COUNT(*) AS tp_Count FROM cms_donehw d LEFT JOIN cms_homework AS hw ON d.hw_id = hw.hw_id LEFT JOIN cms_class AS cl ON hw.class_id = cl.class_id  WHERE `s_id` = 1 LIMIT 1   [ RunTime:0.0000s ]
INFO: [ view_parse ] --START--
INFO: [ template_filter ] --START--
INFO: Run Behavior\ContentReplaceBehavior [ RunTime:0.000000s ]
INFO: [ template_filter ] --END-- [ RunTime:0.000000s ]
INFO: Run Behavior\ParseTemplateBehavior [ RunTime:0.010000s ]
INFO: [ view_parse ] --END-- [ RunTime:0.011000s ]
INFO: [ view_filter ] --START--
INFO: Run Behavior\WriteHtmlCacheBehavior [ RunTime:0.001000s ]
INFO: [ view_filter ] --END-- [ RunTime:0.001000s ]
INFO: [ app_end ] --START--
INFO: Run Behavior\ShowPageTraceBehavior [ RunTime:0.001001s ]
INFO: [ app_end ] --END-- [ RunTime:0.001001s ]

[ 2017-04-14T20:44:29+08:00 ] 127.0.0.1 /Home/Index/statics.html
INFO: [ app_init ] --START--
INFO: Run Behavior\BuildLiteBehavior [ RunTime:0.000000s ]
INFO: [ app_init ] --END-- [ RunTime:0.001000s ]
INFO: [ app_begin ] --START--
INFO: Run Behavior\ReadHtmlCacheBehavior [ RunTime:0.000000s ]
INFO: [ app_begin ] --END-- [ RunTime:0.000000s ]
SQL: SHOW COLUMNS FROM `cms_my_hw` [ RunTime:0.0030s ]
SQL: SELECT COUNT(*) AS tp_Count FROM `cms_my_hw` WHERE `s_id` = 1 AND `status` = 1 LIMIT 1   [ RunTime:0.0000s ]
SQL: SELECT COUNT(*) AS tp_Count FROM `cms_my_hw` WHERE `s_id` = 1 AND `status` = 0 LIMIT 1   [ RunTime:0.0000s ]
INFO: [ view_parse ] --START--
INFO: [ template_filter ] --START--
INFO: Run Behavior\ContentReplaceBehavior [ RunTime:0.000000s ]
INFO: [ template_filter ] --END-- [ RunTime:0.000000s ]
INFO: Run Behavior\ParseTemplateBehavior [ RunTime:0.009001s ]
INFO: [ view_parse ] --END-- [ RunTime:0.010001s ]
INFO: [ view_filter ] --START--
INFO: Run Behavior\WriteHtmlCacheBehavior [ RunTime:0.000000s ]
INFO: [ view_filter ] --END-- [ RunTime:0.000000s ]
INFO: [ app_end ] --START--
INFO: Run Behavior\ShowPageTraceBehavior [ RunTime:0.001000s ]
INFO: [ app_end ] --END-- [ RunTime:0.001000s ]

[ 2017-04-14T20:44:30+08:00 ] 127.0.0.1 /Home/Index/chartdata/sid/1
INFO: [ app_init ] --START--
INFO: Run Behavior\BuildLiteBehavior [ RunTime:0.000000s ]
INFO: [ app_init ] --END-- [ RunTime:0.001000s ]
INFO: [ app_begin ] --START--
INFO: Run Behavior\ReadHtmlCacheBehavior [ RunTime:0.001000s ]
INFO: [ app_begin ] --END-- [ RunTime:0.001000s ]
SQL: SHOW COLUMNS FROM `cms_donehw` [ RunTime:0.0030s ]
SQL: SELECT count(dhw_id) AS count ,DATE_FORMAT(updatetime,'%Y-%m-%d') AS timer from cms_donehw where s_id=1 group by timer [ RunTime:0.0000s ]

[ 2017-04-14T20:44:36+08:00 ] 127.0.0.1 /Home/User/index.html
INFO: [ app_init ] --START--
INFO: Run Behavior\BuildLiteBehavior [ RunTime:0.000000s ]
INFO: [ app_init ] --END-- [ RunTime:0.001000s ]
INFO: [ app_begin ] --START--
INFO: Run Behavior\ReadHtmlCacheBehavior [ RunTime:0.001000s ]
INFO: [ app_begin ] --END-- [ RunTime:0.001000s ]
INFO: [ view_parse ] --START--
INFO: [ template_filter ] --START--
INFO: Run Behavior\ContentReplaceBehavior [ RunTime:0.000000s ]
INFO: [ template_filter ] --END-- [ RunTime:0.000000s ]
INFO: Run Behavior\ParseTemplateBehavior [ RunTime:0.008000s ]
INFO: [ view_parse ] --END-- [ RunTime:0.010000s ]
INFO: [ view_filter ] --START--
INFO: Run Behavior\WriteHtmlCacheBehavior [ RunTime:0.000000s ]
INFO: [ view_filter ] --END-- [ RunTime:0.000000s ]
INFO: [ app_end ] --START--
INFO: Run Behavior\ShowPageTraceBehavior [ RunTime:0.001000s ]
INFO: [ app_end ] --END-- [ RunTime:0.001000s ]

[ 2017-04-14T20:44:38+08:00 ] 127.0.0.1 /Home/Index/statics.html
INFO: [ app_init ] --START--
INFO: Run Behavior\BuildLiteBehavior [ RunTime:0.000000s ]
INFO: [ app_init ] --END-- [ RunTime:0.001000s ]
INFO: [ app_begin ] --START--
INFO: Run Behavior\ReadHtmlCacheBehavior [ RunTime:0.001000s ]
INFO: [ app_begin ] --END-- [ RunTime:0.001000s ]
SQL: SHOW COLUMNS FROM `cms_my_hw` [ RunTime:0.0030s ]
SQL: SELECT COUNT(*) AS tp_Count FROM `cms_my_hw` WHERE `s_id` = 1 AND `status` = 1 LIMIT 1   [ RunTime:0.0000s ]
SQL: SELECT COUNT(*) AS tp_Count FROM `cms_my_hw` WHERE `s_id` = 1 AND `status` = 0 LIMIT 1   [ RunTime:0.0000s ]
INFO: [ view_parse ] --START--
INFO: [ template_filter ] --START--
INFO: Run Behavior\ContentReplaceBehavior [ RunTime:0.000000s ]
INFO: [ template_filter ] --END-- [ RunTime:0.000000s ]
INFO: Run Behavior\ParseTemplateBehavior [ RunTime:0.008000s ]
INFO: [ view_parse ] --END-- [ RunTime:0.008000s ]
INFO: [ view_filter ] --START--
INFO: Run Behavior\WriteHtmlCacheBehavior [ RunTime:0.000000s ]
INFO: [ view_filter ] --END-- [ RunTime:0.000000s ]
INFO: [ app_end ] --START--
INFO: Run Behavior\ShowPageTraceBehavior [ RunTime:0.001001s ]
INFO: [ app_end ] --END-- [ RunTime:0.001001s ]

[ 2017-04-14T20:44:38+08:00 ] 127.0.0.1 /Home/Index/chartdata/sid/1
INFO: [ app_init ] --START--
INFO: Run Behavior\BuildLiteBehavior [ RunTime:0.000000s ]
INFO: [ app_init ] --END-- [ RunTime:0.001000s ]
INFO: [ app_begin ] --START--
INFO: Run Behavior\ReadHtmlCacheBehavior [ RunTime:0.001000s ]
INFO: [ app_begin ] --END-- [ RunTime:0.001000s ]
SQL: SHOW COLUMNS FROM `cms_donehw` [ RunTime:0.0060s ]
SQL: SELECT count(dhw_id) AS count ,DATE_FORMAT(updatetime,'%Y-%m-%d') AS timer from cms_donehw where s_id=1 group by timer [ RunTime:0.0010s ]

[ 2017-04-14T20:44:43+08:00 ] 127.0.0.1 /Home/Index/statics.html
INFO: [ app_init ] --START--
INFO: Run Behavior\BuildLiteBehavior [ RunTime:0.000000s ]
INFO: [ app_init ] --END-- [ RunTime:0.001000s ]
INFO: [ app_begin ] --START--
INFO: Run Behavior\ReadHtmlCacheBehavior [ RunTime:0.001000s ]
INFO: [ app_begin ] --END-- [ RunTime:0.001000s ]
SQL: SHOW COLUMNS FROM `cms_my_hw` [ RunTime:0.0030s ]
SQL: SELECT COUNT(*) AS tp_Count FROM `cms_my_hw` WHERE `s_id` = 1 AND `status` = 1 LIMIT 1   [ RunTime:0.0000s ]
SQL: SELECT COUNT(*) AS tp_Count FROM `cms_my_hw` WHERE `s_id` = 1 AND `status` = 0 LIMIT 1   [ RunTime:0.0010s ]
INFO: [ view_parse ] --START--
INFO: [ template_filter ] --START--
INFO: Run Behavior\ContentReplaceBehavior [ RunTime:0.001000s ]
INFO: [ template_filter ] --END-- [ RunTime:0.001000s ]
INFO: Run Behavior\ParseTemplateBehavior [ RunTime:0.008001s ]
INFO: [ view_parse ] --END-- [ RunTime:0.008001s ]
INFO: [ view_filter ] --START--
INFO: Run Behavior\WriteHtmlCacheBehavior [ RunTime:0.001000s ]
INFO: [ view_filter ] --END-- [ RunTime:0.001000s ]
INFO: [ app_end ] --START--
INFO: Run Behavior\ShowPageTraceBehavior [ RunTime:0.000000s ]
INFO: [ app_end ] --END-- [ RunTime:0.000000s ]

[ 2017-04-14T20:44:44+08:00 ] 127.0.0.1 /Home/Index/chartdata/sid/1
INFO: [ app_init ] --START--
INFO: Run Behavior\BuildLiteBehavior [ RunTime:0.000000s ]
INFO: [ app_init ] --END-- [ RunTime:0.001000s ]
INFO: [ app_begin ] --START--
INFO: Run Behavior\ReadHtmlCacheBehavior [ RunTime:0.000000s ]
INFO: [ app_begin ] --END-- [ RunTime:0.000000s ]
SQL: SHOW COLUMNS FROM `cms_donehw` [ RunTime:0.0040s ]
SQL: SELECT count(dhw_id) AS count ,DATE_FORMAT(updatetime,'%Y-%m-%d') AS timer from cms_donehw where s_id=1 group by timer [ RunTime:0.0000s ]

[ 2017-04-14T20:44:57+08:00 ] 127.0.0.1 /Home/Index/statics.html
INFO: [ app_init ] --START--
INFO: Run Behavior\BuildLiteBehavior [ RunTime:0.000000s ]
INFO: [ app_init ] --END-- [ RunTime:0.000000s ]
INFO: [ app_begin ] --START--
INFO: Run Behavior\ReadHtmlCacheBehavior [ RunTime:0.000000s ]
INFO: [ app_begin ] --END-- [ RunTime:0.000000s ]
SQL: SHOW COLUMNS FROM `cms_my_hw` [ RunTime:0.0030s ]
SQL: SELECT COUNT(*) AS tp_Count FROM `cms_my_hw` WHERE `s_id` = 1 AND `status` = 1 LIMIT 1   [ RunTime:0.0010s ]
SQL: SELECT COUNT(*) AS tp_Count FROM `cms_my_hw` WHERE `s_id` = 1 AND `status` = 0 LIMIT 1   [ RunTime:0.0000s ]
INFO: [ view_parse ] --START--
INFO: [ template_filter ] --START--
INFO: Run Behavior\ContentReplaceBehavior [ RunTime:0.000000s ]
INFO: [ template_filter ] --END-- [ RunTime:0.000000s ]
INFO: Run Behavior\ParseTemplateBehavior [ RunTime:0.008000s ]
INFO: [ view_parse ] --END-- [ RunTime:0.008000s ]
INFO: [ view_filter ] --START--
INFO: Run Behavior\WriteHtmlCacheBehavior [ RunTime:0.001000s ]
INFO: [ view_filter ] --END-- [ RunTime:0.001000s ]
INFO: [ app_end ] --START--
INFO: Run Behavior\ShowPageTraceBehavior [ RunTime:0.000000s ]
INFO: [ app_end ] --END-- [ RunTime:0.000000s ]

[ 2017-04-14T20:44:57+08:00 ] 127.0.0.1 /Home/Index/chartdata/sid/1
INFO: [ app_init ] --START--
INFO: Run Behavior\BuildLiteBehavior [ RunTime:0.000000s ]
INFO: [ app_init ] --END-- [ RunTime:0.001000s ]
INFO: [ app_begin ] --START--
INFO: Run Behavior\ReadHtmlCacheBehavior [ RunTime:0.001000s ]
INFO: [ app_begin ] --END-- [ RunTime:0.001000s ]
SQL: SHOW COLUMNS FROM `cms_donehw` [ RunTime:0.0030s ]
SQL: SELECT count(dhw_id) AS count ,DATE_FORMAT(updatetime,'%Y-%m-%d') AS timer from cms_donehw where s_id=1 group by timer [ RunTime:0.0000s ]

[ 2017-04-14T20:45:10+08:00 ] 127.0.0.1 /Home/Index/statics.html
INFO: [ app_init ] --START--
INFO: Run Behavior\BuildLiteBehavior [ RunTime:0.000000s ]
INFO: [ app_init ] --END-- [ RunTime:0.000000s ]
INFO: [ app_begin ] --START--
INFO: Run Behavior\ReadHtmlCacheBehavior [ RunTime:0.000000s ]
INFO: [ app_begin ] --END-- [ RunTime:0.000000s ]
SQL: SHOW COLUMNS FROM `cms_my_hw` [ RunTime:0.0030s ]
SQL: SELECT COUNT(*) AS tp_Count FROM `cms_my_hw` WHERE `s_id` = 1 AND `status` = 1 LIMIT 1   [ RunTime:0.0010s ]
SQL: SELECT COUNT(*) AS tp_Count FROM `cms_my_hw` WHERE `s_id` = 1 AND `status` = 0 LIMIT 1   [ RunTime:0.0000s ]
INFO: [ view_parse ] --START--
INFO: [ template_filter ] --START--
INFO: Run Behavior\ContentReplaceBehavior [ RunTime:0.000000s ]
INFO: [ template_filter ] --END-- [ RunTime:0.000000s ]
INFO: Run Behavior\ParseTemplateBehavior [ RunTime:0.008000s ]
INFO: [ view_parse ] --END-- [ RunTime:0.008000s ]
INFO: [ view_filter ] --START--
INFO: Run Behavior\WriteHtmlCacheBehavior [ RunTime:0.000000s ]
INFO: [ view_filter ] --END-- [ RunTime:0.000000s ]
INFO: [ app_end ] --START--
INFO: Run Behavior\ShowPageTraceBehavior [ RunTime:0.001000s ]
INFO: [ app_end ] --END-- [ RunTime:0.001000s ]

[ 2017-04-14T20:45:11+08:00 ] 127.0.0.1 /Home/Index/chartdata/sid/1
INFO: [ app_init ] --START--
INFO: Run Behavior\BuildLiteBehavior [ RunTime:0.000000s ]
INFO: [ app_init ] --END-- [ RunTime:0.000000s ]
INFO: [ app_begin ] --START--
INFO: Run Behavior\ReadHtmlCacheBehavior [ RunTime:0.001000s ]
INFO: [ app_begin ] --END-- [ RunTime:0.001000s ]
SQL: SHOW COLUMNS FROM `cms_donehw` [ RunTime:0.0040s ]
SQL: SELECT count(dhw_id) AS count ,DATE_FORMAT(updatetime,'%Y-%m-%d') AS timer from cms_donehw where s_id=1 group by timer [ RunTime:0.0010s ]

[ 2017-04-14T20:45:43+08:00 ] 127.0.0.1 /Home/Index/statics.html
INFO: [ app_init ] --START--
INFO: Run Behavior\BuildLiteBehavior [ RunTime:0.000000s ]
INFO: [ app_init ] --END-- [ RunTime:0.000000s ]
INFO: [ app_begin ] --START--
INFO: Run Behavior\ReadHtmlCacheBehavior [ RunTime:0.000000s ]
INFO: [ app_begin ] --END-- [ RunTime:0.000000s ]
SQL: SHOW COLUMNS FROM `cms_my_hw` [ RunTime:0.0030s ]
SQL: SELECT COUNT(*) AS tp_Count FROM `cms_my_hw` WHERE `s_id` = 1 AND `status` = 1 LIMIT 1   [ RunTime:0.0000s ]
SQL: SELECT COUNT(*) AS tp_Count FROM `cms_my_hw` WHERE `s_id` = 1 AND `status` = 0 LIMIT 1   [ RunTime:0.0000s ]
INFO: [ view_parse ] --START--
INFO: [ template_filter ] --START--
INFO: Run Behavior\ContentReplaceBehavior [ RunTime:0.000000s ]
INFO: [ template_filter ] --END-- [ RunTime:0.000000s ]
INFO: Run Behavior\ParseTemplateBehavior [ RunTime:0.009001s ]
INFO: [ view_parse ] --END-- [ RunTime:0.009001s ]
INFO: [ view_filter ] --START--
INFO: Run Behavior\WriteHtmlCacheBehavior [ RunTime:0.007000s ]
INFO: [ view_filter ] --END-- [ RunTime:0.007000s ]
INFO: [ app_end ] --START--
INFO: Run Behavior\ShowPageTraceBehavior [ RunTime:0.008001s ]
INFO: [ app_end ] --END-- [ RunTime:0.008001s ]

[ 2017-04-14T20:45:44+08:00 ] 127.0.0.1 /Home/Index/chartdata/sid/1
INFO: [ app_init ] --START--
INFO: Run Behavior\BuildLiteBehavior [ RunTime:0.000000s ]
INFO: [ app_init ] --END-- [ RunTime:0.001000s ]
INFO: [ app_begin ] --START--
INFO: Run Behavior\ReadHtmlCacheBehavior [ RunTime:0.001000s ]
INFO: [ app_begin ] --END-- [ RunTime:0.001000s ]
SQL: SHOW COLUMNS FROM `cms_donehw` [ RunTime:0.0040s ]
SQL: SELECT count(dhw_id) AS count ,DATE_FORMAT(updatetime,'%Y-%m-%d') AS timer from cms_donehw where s_id=1 group by timer [ RunTime:0.0010s ]

[ 2017-04-14T20:45:56+08:00 ] 127.0.0.1 /Home/Index/statics.html
INFO: [ app_init ] --START--
INFO: Run Behavior\BuildLiteBehavior [ RunTime:0.000000s ]
INFO: [ app_init ] --END-- [ RunTime:0.001000s ]
INFO: [ app_begin ] --START--
INFO: Run Behavior\ReadHtmlCacheBehavior [ RunTime:0.001000s ]
INFO: [ app_begin ] --END-- [ RunTime:0.001000s ]
SQL: SHOW COLUMNS FROM `cms_my_hw` [ RunTime:0.0060s ]
SQL: SELECT COUNT(*) AS tp_Count FROM `cms_my_hw` WHERE `s_id` = 1 AND `status` = 1 LIMIT 1   [ RunTime:0.0010s ]
SQL: SELECT COUNT(*) AS tp_Count FROM `cms_my_hw` WHERE `s_id` = 1 AND `status` = 0 LIMIT 1   [ RunTime:0.0000s ]
INFO: [ view_parse ] --START--
INFO: [ template_filter ] --START--
INFO: Run Behavior\ContentReplaceBehavior [ RunTime:0.001000s ]
INFO: [ template_filter ] --END-- [ RunTime:0.001000s ]
INFO: Run Behavior\ParseTemplateBehavior [ RunTime:0.009001s ]
INFO: [ view_parse ] --END-- [ RunTime:0.009001s ]
INFO: [ view_filter ] --START--
INFO: Run Behavior\WriteHtmlCacheBehavior [ RunTime:0.001000s ]
INFO: [ view_filter ] --END-- [ RunTime:0.001000s ]
INFO: [ app_end ] --START--
INFO: Run Behavior\ShowPageTraceBehavior [ RunTime:0.000000s ]
INFO: [ app_end ] --END-- [ RunTime:0.000000s ]

[ 2017-04-14T20:45:57+08:00 ] 127.0.0.1 /Home/Index/chartdata/sid/1
INFO: [ app_init ] --START--
INFO: Run Behavior\BuildLiteBehavior [ RunTime:0.000000s ]
INFO: [ app_init ] --END-- [ RunTime:0.000000s ]
INFO: [ app_begin ] --START--
INFO: Run Behavior\ReadHtmlCacheBehavior [ RunTime:0.001000s ]
INFO: [ app_begin ] --END-- [ RunTime:0.001000s ]
SQL: SHOW COLUMNS FROM `cms_donehw` [ RunTime:0.0030s ]
SQL: SELECT count(dhw_id) AS count ,DATE_FORMAT(updatetime,'%Y-%m-%d') AS timer from cms_donehw where s_id=1 group by timer [ RunTime:0.0000s ]

[ 2017-04-14T20:46:14+08:00 ] 127.0.0.1 /Home/Index/index.html
INFO: [ app_init ] --START--
INFO: Run Behavior\BuildLiteBehavior [ RunTime:0.000000s ]
INFO: [ app_init ] --END-- [ RunTime:0.000000s ]
INFO: [ app_begin ] --START--
INFO: Run Behavior\ReadHtmlCacheBehavior [ RunTime:0.001000s ]
INFO: [ app_begin ] --END-- [ RunTime:0.001000s ]
SQL: SHOW COLUMNS FROM `cms_config` [ RunTime:0.0150s ]
SQL: SELECT * FROM `cms_config`  [ RunTime:0.0010s ]
NOTIC: [8] Undefined index: p D:\www\studyspace\CMS\Application\Home\Controller\IndexController.class.php 第 22 行.
NOTIC: [8] Undefined index: pageSize D:\www\studyspace\CMS\Application\Home\Controller\IndexController.class.php 第 23 行.
SQL: SHOW COLUMNS FROM `cms_my_hw` [ RunTime:0.0030s ]
SQL: SHOW COLUMNS FROM `cms_my_hw` [ RunTime:0.0040s ]
SQL: SELECT hw.hw_id,hw.title,cl.classname,hw.createtime,hw.endtime FROM cms_my_hw my LEFT JOIN cms_homework AS hw ON my.hw_id = hw.hw_id LEFT JOIN cms_class AS cl ON hw.class_id = cl.class_id  WHERE `s_id` = 1 AND `status` = 0 ORDER BY myhw_id desc LIMIT 0,4   [ RunTime:0.0010s ]
SQL: SHOW COLUMNS FROM `cms_my_hw` [ RunTime:0.0030s ]
SQL: SELECT COUNT(*) AS tp_Count FROM cms_my_hw my LEFT JOIN cms_homework AS hw ON my.hw_id = hw.hw_id LEFT JOIN cms_class AS cl ON hw.class_id = cl.class_id  WHERE `s_id` = 1 AND `status` = 0 LIMIT 1   [ RunTime:0.0000s ]
INFO: [ view_parse ] --START--
INFO: [ template_filter ] --START--
INFO: Run Behavior\ContentReplaceBehavior [ RunTime:0.000000s ]
INFO: [ template_filter ] --END-- [ RunTime:0.000000s ]
INFO: Run Behavior\ParseTemplateBehavior [ RunTime:0.012000s ]
INFO: [ view_parse ] --END-- [ RunTime:0.013001s ]
INFO: [ view_filter ] --START--
INFO: Run Behavior\WriteHtmlCacheBehavior [ RunTime:0.000000s ]
INFO: [ view_filter ] --END-- [ RunTime:0.000000s ]
INFO: [ app_end ] --START--
INFO: Run Behavior\ShowPageTraceBehavior [ RunTime:0.001000s ]
INFO: [ app_end ] --END-- [ RunTime:0.001000s ]

[ 2017-04-14T20:46:16+08:00 ] 127.0.0.1 /Home/Index/index.html
INFO: [ app_init ] --START--
INFO: Run Behavior\BuildLiteBehavior [ RunTime:0.000000s ]
INFO: [ app_init ] --END-- [ RunTime:0.000000s ]
INFO: [ app_begin ] --START--
INFO: Run Behavior\ReadHtmlCacheBehavior [ RunTime:0.000000s ]
INFO: [ app_begin ] --END-- [ RunTime:0.000000s ]
SQL: SHOW COLUMNS FROM `cms_config` [ RunTime:0.0040s ]
SQL: SELECT * FROM `cms_config`  [ RunTime:0.0000s ]
NOTIC: [8] Undefined index: p D:\www\studyspace\CMS\Application\Home\Controller\IndexController.class.php 第 22 行.
NOTIC: [8] Undefined index: pageSize D:\www\studyspace\CMS\Application\Home\Controller\IndexController.class.php 第 23 行.
SQL: SHOW COLUMNS FROM `cms_my_hw` [ RunTime:0.0030s ]
SQL: SHOW COLUMNS FROM `cms_my_hw` [ RunTime:0.0040s ]
SQL: SELECT hw.hw_id,hw.title,cl.classname,hw.createtime,hw.endtime FROM cms_my_hw my LEFT JOIN cms_homework AS hw ON my.hw_id = hw.hw_id LEFT JOIN cms_class AS cl ON hw.class_id = cl.class_id  WHERE `s_id` = 1 AND `status` = 0 ORDER BY myhw_id desc LIMIT 0,4   [ RunTime:0.0010s ]
SQL: SHOW COLUMNS FROM `cms_my_hw` [ RunTime:0.0030s ]
SQL: SELECT COUNT(*) AS tp_Count FROM cms_my_hw my LEFT JOIN cms_homework AS hw ON my.hw_id = hw.hw_id LEFT JOIN cms_class AS cl ON hw.class_id = cl.class_id  WHERE `s_id` = 1 AND `status` = 0 LIMIT 1   [ RunTime:0.0010s ]
INFO: [ view_parse ] --START--
INFO: [ template_filter ] --START--
INFO: Run Behavior\ContentReplaceBehavior [ RunTime:0.000000s ]
INFO: [ template_filter ] --END-- [ RunTime:0.000000s ]
INFO: Run Behavior\ParseTemplateBehavior [ RunTime:0.009001s ]
INFO: [ view_parse ] --END-- [ RunTime:0.009001s ]
INFO: [ view_filter ] --START--
INFO: Run Behavior\WriteHtmlCacheBehavior [ RunTime:0.001000s ]
INFO: [ view_filter ] --END-- [ RunTime:0.001000s ]
INFO: [ app_end ] --START--
INFO: Run Behavior\ShowPageTraceBehavior [ RunTime:0.000000s ]
INFO: [ app_end ] --END-- [ RunTime:0.000000s ]

[ 2017-04-14T20:46:18+08:00 ] 127.0.0.1 /Home/Index/index.html
INFO: [ app_init ] --START--
INFO: Run Behavior\BuildLiteBehavior [ RunTime:0.000000s ]
INFO: [ app_init ] --END-- [ RunTime:0.001000s ]
INFO: [ app_begin ] --START--
INFO: Run Behavior\ReadHtmlCacheBehavior [ RunTime:0.001000s ]
INFO: [ app_begin ] --END-- [ RunTime:0.001000s ]
SQL: SHOW COLUMNS FROM `cms_config` [ RunTime:0.0040s ]
SQL: SELECT * FROM `cms_config`  [ RunTime:0.0000s ]
NOTIC: [8] Undefined index: p D:\www\studyspace\CMS\Application\Home\Controller\IndexController.class.php 第 22 行.
NOTIC: [8] Undefined index: pageSize D:\www\studyspace\CMS\Application\Home\Controller\IndexController.class.php 第 23 行.
SQL: SHOW COLUMNS FROM `cms_my_hw` [ RunTime:0.0030s ]
SQL: SHOW COLUMNS FROM `cms_my_hw` [ RunTime:0.0040s ]
SQL: SELECT hw.hw_id,hw.title,cl.classname,hw.createtime,hw.endtime FROM cms_my_hw my LEFT JOIN cms_homework AS hw ON my.hw_id = hw.hw_id LEFT JOIN cms_class AS cl ON hw.class_id = cl.class_id  WHERE `s_id` = 1 AND `status` = 0 ORDER BY myhw_id desc LIMIT 0,4   [ RunTime:0.0010s ]
SQL: SHOW COLUMNS FROM `cms_my_hw` [ RunTime:0.0030s ]
SQL: SELECT COUNT(*) AS tp_Count FROM cms_my_hw my LEFT JOIN cms_homework AS hw ON my.hw_id = hw.hw_id LEFT JOIN cms_class AS cl ON hw.class_id = cl.class_id  WHERE `s_id` = 1 AND `status` = 0 LIMIT 1   [ RunTime:0.0000s ]
INFO: [ view_parse ] --START--
INFO: [ template_filter ] --START--
INFO: Run Behavior\ContentReplaceBehavior [ RunTime:0.000000s ]
INFO: [ template_filter ] --END-- [ RunTime:0.000000s ]
INFO: Run Behavior\ParseTemplateBehavior [ RunTime:0.010001s ]
INFO: [ view_parse ] --END-- [ RunTime:0.010001s ]
INFO: [ view_filter ] --START--
INFO: Run Behavior\WriteHtmlCacheBehavior [ RunTime:0.000000s ]
INFO: [ view_filter ] --END-- [ RunTime:0.000000s ]
INFO: [ app_end ] --START--
INFO: Run Behavior\ShowPageTraceBehavior [ RunTime:0.001000s ]
INFO: [ app_end ] --END-- [ RunTime:0.001000s ]

[ 2017-04-14T20:46:19+08:00 ] 127.0.0.1 /Home/Mycourse/index.html
INFO: [ app_init ] --START--
INFO: Run Behavior\BuildLiteBehavior [ RunTime:0.000000s ]
INFO: [ app_init ] --END-- [ RunTime:0.000000s ]
INFO: [ app_begin ] --START--
INFO: Run Behavior\ReadHtmlCacheBehavior [ RunTime:0.001000s ]
INFO: [ app_begin ] --END-- [ RunTime:0.001000s ]
SQL: SHOW COLUMNS FROM `cms_config` [ RunTime:0.0040s ]
SQL: SELECT * FROM `cms_config`  [ RunTime:0.0000s ]
NOTIC: [8] Undefined index: p D:\www\studyspace\CMS\Application\Home\Controller\MycourseController.class.php 第 21 行.
NOTIC: [8] Undefined index: pageSize D:\www\studyspace\CMS\Application\Home\Controller\MycourseController.class.php 第 22 行.
SQL: SHOW COLUMNS FROM `cms_s_c` [ RunTime:0.0030s ]
SQL: SHOW COLUMNS FROM `cms_s_c` [ RunTime:0.0040s ]
SQL: SELECT cl.class_id,co.course_id,cl.classname,cl.issue,co.name,co.picpath,t.realname,t.college,t.qq FROM cms_s_c sc LEFT JOIN cms_class AS cl ON sc.class_id = cl.class_id LEFT JOIN cms_course AS co ON cl.course_id = co.course_id LEFT JOIN cms_teacher AS t ON co.t_id = t.t_id  WHERE `s_id` = 1 ORDER BY sc_id desc LIMIT 0,4   [ RunTime:0.0010s ]
SQL: SHOW COLUMNS FROM `cms_s_c` [ RunTime:0.0030s ]
SQL: SELECT COUNT(*) AS tp_Count FROM cms_s_c sc LEFT JOIN cms_class AS cl ON sc.class_id = cl.class_id LEFT JOIN cms_course AS co ON cl.course_id = co.course_id LEFT JOIN cms_teacher AS t ON co.t_id = t.t_id  WHERE `s_id` = 1 LIMIT 1   [ RunTime:0.0000s ]
INFO: [ view_parse ] --START--
INFO: [ template_filter ] --START--
INFO: Run Behavior\ContentReplaceBehavior [ RunTime:0.000000s ]
INFO: [ template_filter ] --END-- [ RunTime:0.000000s ]
INFO: Run Behavior\ParseTemplateBehavior [ RunTime:0.020001s ]
INFO: [ view_parse ] --END-- [ RunTime:0.020001s ]
INFO: [ view_filter ] --START--
INFO: Run Behavior\WriteHtmlCacheBehavior [ RunTime:0.000000s ]
INFO: [ view_filter ] --END-- [ RunTime:0.000000s ]
INFO: [ app_end ] --START--
INFO: Run Behavior\ShowPageTraceBehavior [ RunTime:0.000000s ]
INFO: [ app_end ] --END-- [ RunTime:0.000000s ]

[ 2017-04-14T20:46:21+08:00 ] 127.0.0.1 /Home/Mycourse/index.html
INFO: [ app_init ] --START--
INFO: Run Behavior\BuildLiteBehavior [ RunTime:0.000000s ]
INFO: [ app_init ] --END-- [ RunTime:0.000000s ]
INFO: [ app_begin ] --START--
INFO: Run Behavior\ReadHtmlCacheBehavior [ RunTime:0.001000s ]
INFO: [ app_begin ] --END-- [ RunTime:0.001000s ]
SQL: SHOW COLUMNS FROM `cms_config` [ RunTime:0.0030s ]
SQL: SELECT * FROM `cms_config`  [ RunTime:0.0000s ]
NOTIC: [8] Undefined index: p D:\www\studyspace\CMS\Application\Home\Controller\MycourseController.class.php 第 21 行.
NOTIC: [8] Undefined index: pageSize D:\www\studyspace\CMS\Application\Home\Controller\MycourseController.class.php 第 22 行.
SQL: SHOW COLUMNS FROM `cms_s_c` [ RunTime:0.0030s ]
SQL: SHOW COLUMNS FROM `cms_s_c` [ RunTime:0.0040s ]
SQL: SELECT cl.class_id,co.course_id,cl.classname,cl.issue,co.name,co.picpath,t.realname,t.college,t.qq FROM cms_s_c sc LEFT JOIN cms_class AS cl ON sc.class_id = cl.class_id LEFT JOIN cms_course AS co ON cl.course_id = co.course_id LEFT JOIN cms_teacher AS t ON co.t_id = t.t_id  WHERE `s_id` = 1 ORDER BY sc_id desc LIMIT 0,4   [ RunTime:0.0000s ]
SQL: SHOW COLUMNS FROM `cms_s_c` [ RunTime:0.0030s ]
SQL: SELECT COUNT(*) AS tp_Count FROM cms_s_c sc LEFT JOIN cms_class AS cl ON sc.class_id = cl.class_id LEFT JOIN cms_course AS co ON cl.course_id = co.course_id LEFT JOIN cms_teacher AS t ON co.t_id = t.t_id  WHERE `s_id` = 1 LIMIT 1   [ RunTime:0.0000s ]
INFO: [ view_parse ] --START--
INFO: [ template_filter ] --START--
INFO: Run Behavior\ContentReplaceBehavior [ RunTime:0.001000s ]
INFO: [ template_filter ] --END-- [ RunTime:0.001000s ]
INFO: Run Behavior\ParseTemplateBehavior [ RunTime:0.010001s ]
INFO: [ view_parse ] --END-- [ RunTime:0.010001s ]
INFO: [ view_filter ] --START--
INFO: Run Behavior\WriteHtmlCacheBehavior [ RunTime:0.001000s ]
INFO: [ view_filter ] --END-- [ RunTime:0.001000s ]
INFO: [ app_end ] --START--
INFO: Run Behavior\ShowPageTraceBehavior [ RunTime:0.000000s ]
INFO: [ app_end ] --END-- [ RunTime:0.000000s ]

[ 2017-04-14T20:46:22+08:00 ] 127.0.0.1 /Home/Mycourse/index.html
INFO: [ app_init ] --START--
INFO: Run Behavior\BuildLiteBehavior [ RunTime:0.000000s ]
INFO: [ app_init ] --END-- [ RunTime:0.000000s ]
INFO: [ app_begin ] --START--
INFO: Run Behavior\ReadHtmlCacheBehavior [ RunTime:0.000000s ]
INFO: [ app_begin ] --END-- [ RunTime:0.001000s ]
SQL: SHOW COLUMNS FROM `cms_config` [ RunTime:0.0030s ]
SQL: SELECT * FROM `cms_config`  [ RunTime:0.0010s ]
NOTIC: [8] Undefined index: p D:\www\studyspace\CMS\Application\Home\Controller\MycourseController.class.php 第 21 行.
NOTIC: [8] Undefined index: pageSize D:\www\studyspace\CMS\Application\Home\Controller\MycourseController.class.php 第 22 行.
SQL: SHOW COLUMNS FROM `cms_s_c` [ RunTime:0.0040s ]
SQL: SHOW COLUMNS FROM `cms_s_c` [ RunTime:0.0030s ]
SQL: SELECT cl.class_id,co.course_id,cl.classname,cl.issue,co.name,co.picpath,t.realname,t.college,t.qq FROM cms_s_c sc LEFT JOIN cms_class AS cl ON sc.class_id = cl.class_id LEFT JOIN cms_course AS co ON cl.course_id = co.course_id LEFT JOIN cms_teacher AS t ON co.t_id = t.t_id  WHERE `s_id` = 1 ORDER BY sc_id desc LIMIT 0,4   [ RunTime:0.0010s ]
SQL: SHOW COLUMNS FROM `cms_s_c` [ RunTime:0.0030s ]
SQL: SELECT COUNT(*) AS tp_Count FROM cms_s_c sc LEFT JOIN cms_class AS cl ON sc.class_id = cl.class_id LEFT JOIN cms_course AS co ON cl.course_id = co.course_id LEFT JOIN cms_teacher AS t ON co.t_id = t.t_id  WHERE `s_id` = 1 LIMIT 1   [ RunTime:0.0010s ]
INFO: [ view_parse ] --START--
INFO: [ template_filter ] --START--
INFO: Run Behavior\ContentReplaceBehavior [ RunTime:0.000000s ]
INFO: [ template_filter ] --END-- [ RunTime:0.000000s ]
INFO: Run Behavior\ParseTemplateBehavior [ RunTime:0.010001s ]
INFO: [ view_parse ] --END-- [ RunTime:0.010001s ]
INFO: [ view_filter ] --START--
INFO: Run Behavior\WriteHtmlCacheBehavior [ RunTime:0.001000s ]
INFO: [ view_filter ] --END-- [ RunTime:0.001000s ]
INFO: [ app_end ] --START--
INFO: Run Behavior\ShowPageTraceBehavior [ RunTime:0.000000s ]
INFO: [ app_end ] --END-- [ RunTime:0.000000s ]

[ 2017-04-14T20:47:06+08:00 ] 127.0.0.1 /Home/Mycourse/index.html
INFO: [ app_init ] --START--
INFO: Run Behavior\BuildLiteBehavior [ RunTime:0.000000s ]
INFO: [ app_init ] --END-- [ RunTime:0.001000s ]
INFO: [ app_begin ] --START--
INFO: Run Behavior\ReadHtmlCacheBehavior [ RunTime:0.001000s ]
INFO: [ app_begin ] --END-- [ RunTime:0.001000s ]
SQL: SHOW COLUMNS FROM `cms_config` [ RunTime:0.0030s ]
SQL: SELECT * FROM `cms_config`  [ RunTime:0.0000s ]
NOTIC: [8] Undefined index: p D:\www\studyspace\CMS\Application\Home\Controller\MycourseController.class.php 第 21 行.
NOTIC: [8] Undefined index: pageSize D:\www\studyspace\CMS\Application\Home\Controller\MycourseController.class.php 第 22 行.
SQL: SHOW COLUMNS FROM `cms_s_c` [ RunTime:0.0030s ]
SQL: SHOW COLUMNS FROM `cms_s_c` [ RunTime:0.0030s ]
SQL: SELECT cl.class_id,co.course_id,cl.classname,cl.issue,co.name,co.picpath,t.realname,t.college,t.qq FROM cms_s_c sc LEFT JOIN cms_class AS cl ON sc.class_id = cl.class_id LEFT JOIN cms_course AS co ON cl.course_id = co.course_id LEFT JOIN cms_teacher AS t ON co.t_id = t.t_id  WHERE `s_id` = 1 ORDER BY sc_id desc LIMIT 0,4   [ RunTime:0.0010s ]
SQL: SHOW COLUMNS FROM `cms_s_c` [ RunTime:0.0040s ]
SQL: SELECT COUNT(*) AS tp_Count FROM cms_s_c sc LEFT JOIN cms_class AS cl ON sc.class_id = cl.class_id LEFT JOIN cms_course AS co ON cl.course_id = co.course_id LEFT JOIN cms_teacher AS t ON co.t_id = t.t_id  WHERE `s_id` = 1 LIMIT 1   [ RunTime:0.0030s ]
INFO: [ view_parse ] --START--
INFO: [ template_filter ] --START--
INFO: Run Behavior\ContentReplaceBehavior [ RunTime:0.000000s ]
INFO: [ template_filter ] --END-- [ RunTime:0.000000s ]
INFO: Run Behavior\ParseTemplateBehavior [ RunTime:0.012001s ]
INFO: [ view_parse ] --END-- [ RunTime:0.012001s ]
INFO: [ view_filter ] --START--
INFO: Run Behavior\WriteHtmlCacheBehavior [ RunTime:0.001000s ]
INFO: [ view_filter ] --END-- [ RunTime:0.001000s ]
INFO: [ app_end ] --START--
INFO: Run Behavior\ShowPageTraceBehavior [ RunTime:0.001000s ]
INFO: [ app_end ] --END-- [ RunTime:0.001000s ]

[ 2017-04-14T20:47:26+08:00 ] 127.0.0.1 /Home/Mycourse/index.html
INFO: [ app_init ] --START--
INFO: Run Behavior\BuildLiteBehavior [ RunTime:0.000000s ]
INFO: [ app_init ] --END-- [ RunTime:0.001000s ]
INFO: [ app_begin ] --START--
INFO: Run Behavior\ReadHtmlCacheBehavior [ RunTime:0.000000s ]
INFO: [ app_begin ] --END-- [ RunTime:0.000000s ]
SQL: SHOW COLUMNS FROM `cms_config` [ RunTime:0.0040s ]
SQL: SELECT * FROM `cms_config`  [ RunTime:0.0010s ]
NOTIC: [8] Undefined index: p D:\www\studyspace\CMS\Application\Home\Controller\MycourseController.class.php 第 21 行.
NOTIC: [8] Undefined index: pageSize D:\www\studyspace\CMS\Application\Home\Controller\MycourseController.class.php 第 22 行.
SQL: SHOW COLUMNS FROM `cms_s_c` [ RunTime:0.0030s ]
SQL: SHOW COLUMNS FROM `cms_s_c` [ RunTime:0.0030s ]
SQL: SELECT cl.class_id,co.course_id,cl.classname,cl.issue,co.name,co.picpath,t.realname,t.college,t.qq FROM cms_s_c sc LEFT JOIN cms_class AS cl ON sc.class_id = cl.class_id LEFT JOIN cms_course AS co ON cl.course_id = co.course_id LEFT JOIN cms_teacher AS t ON co.t_id = t.t_id  WHERE `s_id` = 1 ORDER BY sc_id desc LIMIT 0,4   [ RunTime:0.0000s ]
SQL: SHOW COLUMNS FROM `cms_s_c` [ RunTime:0.0030s ]
SQL: SELECT COUNT(*) AS tp_Count FROM cms_s_c sc LEFT JOIN cms_class AS cl ON sc.class_id = cl.class_id LEFT JOIN cms_course AS co ON cl.course_id = co.course_id LEFT JOIN cms_teacher AS t ON co.t_id = t.t_id  WHERE `s_id` = 1 LIMIT 1   [ RunTime:0.0000s ]
INFO: [ view_parse ] --START--
INFO: [ template_filter ] --START--
INFO: Run Behavior\ContentReplaceBehavior [ RunTime:0.000000s ]
INFO: [ template_filter ] --END-- [ RunTime:0.000000s ]
INFO: Run Behavior\ParseTemplateBehavior [ RunTime:0.010001s ]
INFO: [ view_parse ] --END-- [ RunTime:0.012001s ]
INFO: [ view_filter ] --START--
INFO: Run Behavior\WriteHtmlCacheBehavior [ RunTime:0.000000s ]
INFO: [ view_filter ] --END-- [ RunTime:0.000000s ]
INFO: [ app_end ] --START--
INFO: Run Behavior\ShowPageTraceBehavior [ RunTime:0.001000s ]
INFO: [ app_end ] --END-- [ RunTime:0.001000s ]

[ 2017-04-14T20:47:28+08:00 ] 127.0.0.1 /Home/Index/index.html
INFO: [ app_init ] --START--
INFO: Run Behavior\BuildLiteBehavior [ RunTime:0.000000s ]
INFO: [ app_init ] --END-- [ RunTime:0.001000s ]
INFO: [ app_begin ] --START--
INFO: Run Behavior\ReadHtmlCacheBehavior [ RunTime:0.000000s ]
INFO: [ app_begin ] --END-- [ RunTime:0.001000s ]
SQL: SHOW COLUMNS FROM `cms_config` [ RunTime:0.0070s ]
SQL: SELECT * FROM `cms_config`  [ RunTime:0.0000s ]
NOTIC: [8] Undefined index: p D:\www\studyspace\CMS\Application\Home\Controller\IndexController.class.php 第 22 行.
NOTIC: [8] Undefined index: pageSize D:\www\studyspace\CMS\Application\Home\Controller\IndexController.class.php 第 23 行.
SQL: SHOW COLUMNS FROM `cms_my_hw` [ RunTime:0.0040s ]
SQL: SHOW COLUMNS FROM `cms_my_hw` [ RunTime:0.0040s ]
SQL: SELECT hw.hw_id,hw.title,cl.classname,hw.createtime,hw.endtime FROM cms_my_hw my LEFT JOIN cms_homework AS hw ON my.hw_id = hw.hw_id LEFT JOIN cms_class AS cl ON hw.class_id = cl.class_id  WHERE `s_id` = 1 AND `status` = 0 ORDER BY myhw_id desc LIMIT 0,4   [ RunTime:0.0010s ]
SQL: SHOW COLUMNS FROM `cms_my_hw` [ RunTime:0.0030s ]
SQL: SELECT COUNT(*) AS tp_Count FROM cms_my_hw my LEFT JOIN cms_homework AS hw ON my.hw_id = hw.hw_id LEFT JOIN cms_class AS cl ON hw.class_id = cl.class_id  WHERE `s_id` = 1 AND `status` = 0 LIMIT 1   [ RunTime:0.0000s ]
INFO: [ view_parse ] --START--
INFO: [ template_filter ] --START--
INFO: Run Behavior\ContentReplaceBehavior [ RunTime:0.000000s ]
INFO: [ template_filter ] --END-- [ RunTime:0.000000s ]
INFO: Run Behavior\ParseTemplateBehavior [ RunTime:0.010001s ]
INFO: [ view_parse ] --END-- [ RunTime:0.010001s ]
INFO: [ view_filter ] --START--
INFO: Run Behavior\WriteHtmlCacheBehavior [ RunTime:0.000000s ]
INFO: [ view_filter ] --END-- [ RunTime:0.000000s ]
INFO: [ app_end ] --START--
INFO: Run Behavior\ShowPageTraceBehavior [ RunTime:0.001000s ]
INFO: [ app_end ] --END-- [ RunTime:0.001000s ]

