[ 2017-04-17T11:43:19+08:00 ] 127.0.0.1 /
INFO: [ app_init ] --START--
INFO: Run Behavior\BuildLiteBehavior [ RunTime:0.000000s ]
INFO: [ app_init ] --END-- [ RunTime:0.045003s ]
INFO: [ app_begin ] --START--
INFO: Run Behavior\ReadHtmlCacheBehavior [ RunTime:0.002000s ]
INFO: [ app_begin ] --END-- [ RunTime:0.002000s ]

[ 2017-04-17T11:43:20+08:00 ] 127.0.0.1 /Home/Index/login.html
INFO: [ app_init ] --START--
INFO: Run Behavior\BuildLiteBehavior [ RunTime:0.000000s ]
INFO: [ app_init ] --END-- [ RunTime:0.001000s ]
INFO: [ app_begin ] --START--
INFO: Run Behavior\ReadHtmlCacheBehavior [ RunTime:0.001000s ]
INFO: [ app_begin ] --END-- [ RunTime:0.001000s ]
INFO: [ view_parse ] --START--
INFO: [ template_filter ] --START--
INFO: Run Behavior\ContentReplaceBehavior [ RunTime:0.001000s ]
INFO: [ template_filter ] --END-- [ RunTime:0.001000s ]
INFO: Run Behavior\ParseTemplateBehavior [ RunTime:0.153009s ]
INFO: [ view_parse ] --END-- [ RunTime:0.153009s ]
INFO: [ view_filter ] --START--
INFO: Run Behavior\WriteHtmlCacheBehavior [ RunTime:0.030002s ]
INFO: [ view_filter ] --END-- [ RunTime:0.030002s ]
INFO: [ app_end ] --START--
INFO: Run Behavior\ShowPageTraceBehavior [ RunTime:0.022001s ]
INFO: [ app_end ] --END-- [ RunTime:0.022001s ]

[ 2017-04-17T11:43:32+08:00 ] 127.0.0.1 /Home/Index/check
INFO: [ app_init ] --START--
INFO: Run Behavior\BuildLiteBehavior [ RunTime:0.000000s ]
INFO: [ app_init ] --END-- [ RunTime:0.000000s ]
INFO: [ app_begin ] --START--
INFO: Run Behavior\ReadHtmlCacheBehavior [ RunTime:0.000000s ]
INFO: [ app_begin ] --END-- [ RunTime:0.000000s ]
SQL: SHOW COLUMNS FROM `cms_student` [ RunTime:0.1130s ]
SQL: SELECT * FROM `cms_student` WHERE `sno` = '136331111' LIMIT 1   [ RunTime:0.0670s ]

[ 2017-04-17T11:43:35+08:00 ] 127.0.0.1 /Home/Index/index.html
INFO: [ app_init ] --START--
INFO: Run Behavior\BuildLiteBehavior [ RunTime:0.000000s ]
INFO: [ app_init ] --END-- [ RunTime:0.000000s ]
INFO: [ app_begin ] --START--
INFO: Run Behavior\ReadHtmlCacheBehavior [ RunTime:0.001000s ]
INFO: [ app_begin ] --END-- [ RunTime:0.001000s ]
SQL: SHOW COLUMNS FROM `cms_config` [ RunTime:0.0040s ]
SQL: SELECT * FROM `cms_config`  [ RunTime:0.0260s ]
NOTIC: [8] Undefined index: p D:\www\studyspace\CMS\Application\Home\Controller\IndexController.class.php 第 22 行.
NOTIC: [8] Undefined index: pageSize D:\www\studyspace\CMS\Application\Home\Controller\IndexController.class.php 第 23 行.
SQL: SHOW COLUMNS FROM `cms_my_hw` [ RunTime:0.0350s ]
SQL: SHOW COLUMNS FROM `cms_my_hw` [ RunTime:0.0040s ]
SQL: SELECT hw.hw_id,hw.title,cl.classname,hw.createtime,hw.endtime FROM cms_my_hw my LEFT JOIN cms_homework AS hw ON my.hw_id = hw.hw_id LEFT JOIN cms_class AS cl ON hw.class_id = cl.class_id  WHERE `s_id` = 1 AND `status` = 0 ORDER BY endtime LIMIT 0,4   [ RunTime:0.1490s ]
SQL: SHOW COLUMNS FROM `cms_my_hw` [ RunTime:0.0030s ]
SQL: SELECT COUNT(*) AS tp_Count FROM cms_my_hw my LEFT JOIN cms_homework AS hw ON my.hw_id = hw.hw_id LEFT JOIN cms_class AS cl ON hw.class_id = cl.class_id  WHERE `s_id` = 1 AND `status` = 0 LIMIT 1   [ RunTime:0.0330s ]
INFO: [ view_parse ] --START--
INFO: [ template_filter ] --START--
INFO: Run Behavior\ContentReplaceBehavior [ RunTime:0.000000s ]
INFO: [ template_filter ] --END-- [ RunTime:0.000000s ]
INFO: Run Behavior\ParseTemplateBehavior [ RunTime:0.113007s ]
INFO: [ view_parse ] --END-- [ RunTime:0.113007s ]
INFO: [ view_filter ] --START--
INFO: Run Behavior\WriteHtmlCacheBehavior [ RunTime:0.000000s ]
INFO: [ view_filter ] --END-- [ RunTime:0.000000s ]
INFO: [ app_end ] --START--
INFO: Run Behavior\ShowPageTraceBehavior [ RunTime:0.001000s ]
INFO: [ app_end ] --END-- [ RunTime:0.001000s ]

[ 2017-04-17T11:43:36+08:00 ] 127.0.0.1 /Home/Homework/detail.html?id=3
INFO: [ app_init ] --START--
INFO: Run Behavior\BuildLiteBehavior [ RunTime:0.000000s ]
INFO: [ app_init ] --END-- [ RunTime:0.000000s ]
INFO: [ app_begin ] --START--
INFO: Run Behavior\ReadHtmlCacheBehavior [ RunTime:0.000000s ]
INFO: [ app_begin ] --END-- [ RunTime:0.001000s ]
SQL: SHOW COLUMNS FROM `cms_homework` [ RunTime:0.0090s ]
SQL: SELECT * FROM `cms_homework` WHERE ( hw_id=3 ) LIMIT 1   [ RunTime:0.0340s ]
INFO: [ view_parse ] --START--
INFO: [ template_filter ] --START--
INFO: Run Behavior\ContentReplaceBehavior [ RunTime:0.000000s ]
INFO: [ template_filter ] --END-- [ RunTime:0.000000s ]
INFO: Run Behavior\ParseTemplateBehavior [ RunTime:0.029001s ]
INFO: [ view_parse ] --END-- [ RunTime:0.029001s ]
INFO: [ view_filter ] --START--
INFO: Run Behavior\WriteHtmlCacheBehavior [ RunTime:0.001000s ]
INFO: [ view_filter ] --END-- [ RunTime:0.001000s ]
INFO: [ app_end ] --START--
INFO: Run Behavior\ShowPageTraceBehavior [ RunTime:0.001000s ]
INFO: [ app_end ] --END-- [ RunTime:0.001000s ]

[ 2017-04-17T11:43:40+08:00 ] 127.0.0.1 /Home/Homework/detail.html?id=3
INFO: [ app_init ] --START--
INFO: Run Behavior\BuildLiteBehavior [ RunTime:0.000000s ]
INFO: [ app_init ] --END-- [ RunTime:0.000000s ]
INFO: [ app_begin ] --START--
INFO: Run Behavior\ReadHtmlCacheBehavior [ RunTime:0.001000s ]
INFO: [ app_begin ] --END-- [ RunTime:0.001000s ]
SQL: SHOW COLUMNS FROM `cms_homework` [ RunTime:0.0060s ]
SQL: SELECT * FROM `cms_homework` WHERE ( hw_id=3 ) LIMIT 1   [ RunTime:0.0000s ]
INFO: [ view_parse ] --START--
INFO: [ template_filter ] --START--
INFO: Run Behavior\ContentReplaceBehavior [ RunTime:0.000000s ]
INFO: [ template_filter ] --END-- [ RunTime:0.000000s ]
INFO: Run Behavior\ParseTemplateBehavior [ RunTime:0.009000s ]
INFO: [ view_parse ] --END-- [ RunTime:0.009000s ]
INFO: [ view_filter ] --START--
INFO: Run Behavior\WriteHtmlCacheBehavior [ RunTime:0.001000s ]
INFO: [ view_filter ] --END-- [ RunTime:0.001000s ]
INFO: [ app_end ] --START--
INFO: Run Behavior\ShowPageTraceBehavior [ RunTime:0.001001s ]
INFO: [ app_end ] --END-- [ RunTime:0.001001s ]

[ 2017-04-17T11:43:42+08:00 ] 127.0.0.1 /Home/Homework/
INFO: [ app_init ] --START--
INFO: Run Behavior\BuildLiteBehavior [ RunTime:0.000000s ]
INFO: [ app_init ] --END-- [ RunTime:0.000000s ]
INFO: [ app_begin ] --START--
INFO: Run Behavior\ReadHtmlCacheBehavior [ RunTime:0.001000s ]
INFO: [ app_begin ] --END-- [ RunTime:0.001000s ]
ERR: 模板不存在:./Application/Home/View/Homework/index.html

[ 2017-04-17T16:15:56+08:00 ] 127.0.0.1 /Home/Mycourse/index.html
INFO: [ app_init ] --START--
INFO: Run Behavior\BuildLiteBehavior [ RunTime:0.000000s ]
INFO: [ app_init ] --END-- [ RunTime:0.001000s ]
INFO: [ app_begin ] --START--
INFO: Run Behavior\ReadHtmlCacheBehavior [ RunTime:0.001000s ]
INFO: [ app_begin ] --END-- [ RunTime:0.001000s ]
SQL: SHOW COLUMNS FROM `cms_config` [ RunTime:0.0050s ]
SQL: SELECT * FROM `cms_config`  [ RunTime:0.0000s ]
NOTIC: [8] Undefined index: p D:\www\studyspace\CMS\Application\Home\Controller\MycourseController.class.php 第 21 行.
NOTIC: [8] Undefined index: pageSize D:\www\studyspace\CMS\Application\Home\Controller\MycourseController.class.php 第 22 行.
SQL: SHOW COLUMNS FROM `cms_s_c` [ RunTime:0.0490s ]
SQL: SHOW COLUMNS FROM `cms_s_c` [ RunTime:0.0030s ]
SQL: SELECT cl.class_id,co.course_id,cl.classname,cl.issue,co.name,co.picpath,t.realname,t.college,t.qq FROM cms_s_c sc LEFT JOIN cms_class AS cl ON sc.class_id = cl.class_id LEFT JOIN cms_course AS co ON cl.course_id = co.course_id LEFT JOIN cms_teacher AS t ON co.t_id = t.t_id  WHERE `s_id` = 1 ORDER BY sc_id desc LIMIT 0,4   [ RunTime:0.0300s ]
SQL: SHOW COLUMNS FROM `cms_s_c` [ RunTime:0.0250s ]
SQL: SELECT COUNT(*) AS tp_Count FROM cms_s_c sc LEFT JOIN cms_class AS cl ON sc.class_id = cl.class_id LEFT JOIN cms_course AS co ON cl.course_id = co.course_id LEFT JOIN cms_teacher AS t ON co.t_id = t.t_id  WHERE `s_id` = 1 LIMIT 1   [ RunTime:0.0010s ]
INFO: [ view_parse ] --START--
INFO: [ template_filter ] --START--
INFO: Run Behavior\ContentReplaceBehavior [ RunTime:0.000000s ]
INFO: [ template_filter ] --END-- [ RunTime:0.000000s ]
INFO: Run Behavior\ParseTemplateBehavior [ RunTime:0.121007s ]
INFO: [ view_parse ] --END-- [ RunTime:0.121007s ]
INFO: [ view_filter ] --START--
INFO: Run Behavior\WriteHtmlCacheBehavior [ RunTime:0.001000s ]
INFO: [ view_filter ] --END-- [ RunTime:0.001000s ]
INFO: [ app_end ] --START--
INFO: Run Behavior\ShowPageTraceBehavior [ RunTime:0.001000s ]
INFO: [ app_end ] --END-- [ RunTime:0.001000s ]

[ 2017-04-17T16:16:33+08:00 ] 127.0.0.1 /Home/Donehw/index.html
INFO: [ app_init ] --START--
INFO: Run Behavior\BuildLiteBehavior [ RunTime:0.000000s ]
INFO: [ app_init ] --END-- [ RunTime:0.000000s ]
INFO: [ app_begin ] --START--
INFO: Run Behavior\ReadHtmlCacheBehavior [ RunTime:0.001000s ]
INFO: [ app_begin ] --END-- [ RunTime:0.001000s ]
SQL: SHOW COLUMNS FROM `cms_config` [ RunTime:0.0040s ]
SQL: SELECT * FROM `cms_config`  [ RunTime:0.0000s ]
NOTIC: [8] Undefined index: p D:\www\studyspace\CMS\Application\Home\Controller\DonehwController.class.php 第 21 行.
NOTIC: [8] Undefined index: pageSize D:\www\studyspace\CMS\Application\Home\Controller\DonehwController.class.php 第 22 行.
SQL: SHOW COLUMNS FROM `cms_donehw` [ RunTime:0.0040s ]
SQL: SHOW COLUMNS FROM `cms_donehw` [ RunTime:0.0040s ]
SQL: SELECT d.dhw_id,d.status,hw.hw_id,hw.title,cl.classname,d.updatetime FROM cms_donehw d LEFT JOIN cms_homework AS hw ON d.hw_id = hw.hw_id LEFT JOIN cms_class AS cl ON hw.class_id = cl.class_id  WHERE `s_id` = 1 ORDER BY dhw_id desc LIMIT 0,4   [ RunTime:0.0240s ]
SQL: SHOW COLUMNS FROM `cms_donehw` [ RunTime:0.0050s ]
SQL: SELECT COUNT(*) AS tp_Count FROM cms_donehw d LEFT JOIN cms_homework AS hw ON d.hw_id = hw.hw_id LEFT JOIN cms_class AS cl ON hw.class_id = cl.class_id  WHERE `s_id` = 1 LIMIT 1   [ RunTime:0.0010s ]
INFO: [ view_parse ] --START--
INFO: [ template_filter ] --START--
INFO: Run Behavior\ContentReplaceBehavior [ RunTime:0.001000s ]
INFO: [ template_filter ] --END-- [ RunTime:0.001000s ]
INFO: Run Behavior\ParseTemplateBehavior [ RunTime:0.030002s ]
INFO: [ view_parse ] --END-- [ RunTime:0.030002s ]
INFO: [ view_filter ] --START--
INFO: Run Behavior\WriteHtmlCacheBehavior [ RunTime:0.000000s ]
INFO: [ view_filter ] --END-- [ RunTime:0.001000s ]
INFO: [ app_end ] --START--
INFO: Run Behavior\ShowPageTraceBehavior [ RunTime:0.001000s ]
INFO: [ app_end ] --END-- [ RunTime:0.001000s ]

[ 2017-04-17T16:16:36+08:00 ] 127.0.0.1 /Home/Donehw/detail.html?id=4
INFO: [ app_init ] --START--
INFO: Run Behavior\BuildLiteBehavior [ RunTime:0.000000s ]
INFO: [ app_init ] --END-- [ RunTime:0.001000s ]
INFO: [ app_begin ] --START--
INFO: Run Behavior\ReadHtmlCacheBehavior [ RunTime:0.000000s ]
INFO: [ app_begin ] --END-- [ RunTime:0.000000s ]
SQL: SHOW COLUMNS FROM `cms_donehw` [ RunTime:0.0150s ]
SQL: SELECT * FROM `cms_donehw` WHERE ( dhw_id=4 ) LIMIT 1   [ RunTime:0.0310s ]
SQL: SHOW COLUMNS FROM `cms_homework` [ RunTime:0.0040s ]
SQL: SELECT * FROM `cms_homework` WHERE ( hw_id=2 ) LIMIT 1   [ RunTime:0.0190s ]
INFO: [ view_parse ] --START--
INFO: [ template_filter ] --START--
INFO: Run Behavior\ContentReplaceBehavior [ RunTime:0.000000s ]
INFO: [ template_filter ] --END-- [ RunTime:0.000000s ]
INFO: Run Behavior\ParseTemplateBehavior [ RunTime:0.026001s ]
INFO: [ view_parse ] --END-- [ RunTime:0.027001s ]
INFO: [ view_filter ] --START--
INFO: Run Behavior\WriteHtmlCacheBehavior [ RunTime:0.001000s ]
INFO: [ view_filter ] --END-- [ RunTime:0.001000s ]
INFO: [ app_end ] --START--
INFO: Run Behavior\ShowPageTraceBehavior [ RunTime:0.001001s ]
INFO: [ app_end ] --END-- [ RunTime:0.001001s ]

[ 2017-04-17T16:16:40+08:00 ] 127.0.0.1 /Home/User/index.html
INFO: [ app_init ] --START--
INFO: Run Behavior\BuildLiteBehavior [ RunTime:0.000000s ]
INFO: [ app_init ] --END-- [ RunTime:0.000000s ]
INFO: [ app_begin ] --START--
INFO: Run Behavior\ReadHtmlCacheBehavior [ RunTime:0.000000s ]
INFO: [ app_begin ] --END-- [ RunTime:0.000000s ]
INFO: [ view_parse ] --START--
INFO: [ template_filter ] --START--
INFO: Run Behavior\ContentReplaceBehavior [ RunTime:0.001000s ]
INFO: [ template_filter ] --END-- [ RunTime:0.001000s ]
INFO: Run Behavior\ParseTemplateBehavior [ RunTime:0.022001s ]
INFO: [ view_parse ] --END-- [ RunTime:0.023001s ]
INFO: [ view_filter ] --START--
INFO: Run Behavior\WriteHtmlCacheBehavior [ RunTime:0.000000s ]
INFO: [ view_filter ] --END-- [ RunTime:0.000000s ]
INFO: [ app_end ] --START--
INFO: Run Behavior\ShowPageTraceBehavior [ RunTime:0.001000s ]
INFO: [ app_end ] --END-- [ RunTime:0.001000s ]

[ 2017-04-17T16:33:54+08:00 ] 127.0.0.1 /Home/Donehw/index.html
INFO: [ app_init ] --START--
INFO: Run Behavior\BuildLiteBehavior [ RunTime:0.000000s ]
INFO: [ app_init ] --END-- [ RunTime:0.000000s ]
INFO: [ app_begin ] --START--
INFO: Run Behavior\ReadHtmlCacheBehavior [ RunTime:0.001000s ]
INFO: [ app_begin ] --END-- [ RunTime:0.001000s ]
SQL: SHOW COLUMNS FROM `cms_config` [ RunTime:0.0040s ]
SQL: SELECT * FROM `cms_config`  [ RunTime:0.0000s ]
NOTIC: [8] Undefined index: p D:\www\studyspace\CMS\Application\Home\Controller\DonehwController.class.php 第 21 行.
NOTIC: [8] Undefined index: pageSize D:\www\studyspace\CMS\Application\Home\Controller\DonehwController.class.php 第 22 行.
SQL: SHOW COLUMNS FROM `cms_donehw` [ RunTime:0.0040s ]
SQL: SHOW COLUMNS FROM `cms_donehw` [ RunTime:0.0090s ]
SQL: SELECT d.dhw_id,d.status,hw.hw_id,hw.title,cl.classname,d.updatetime FROM cms_donehw d LEFT JOIN cms_homework AS hw ON d.hw_id = hw.hw_id LEFT JOIN cms_class AS cl ON hw.class_id = cl.class_id  WHERE `s_id` = 1 ORDER BY dhw_id desc LIMIT 0,4   [ RunTime:0.0000s ]
SQL: SHOW COLUMNS FROM `cms_donehw` [ RunTime:0.0040s ]
SQL: SELECT COUNT(*) AS tp_Count FROM cms_donehw d LEFT JOIN cms_homework AS hw ON d.hw_id = hw.hw_id LEFT JOIN cms_class AS cl ON hw.class_id = cl.class_id  WHERE `s_id` = 1 LIMIT 1   [ RunTime:0.0000s ]
INFO: [ view_parse ] --START--
INFO: [ template_filter ] --START--
INFO: Run Behavior\ContentReplaceBehavior [ RunTime:0.000000s ]
INFO: [ template_filter ] --END-- [ RunTime:0.000000s ]
INFO: Run Behavior\ParseTemplateBehavior [ RunTime:0.027001s ]
INFO: [ view_parse ] --END-- [ RunTime:0.027001s ]
INFO: [ view_filter ] --START--
INFO: Run Behavior\WriteHtmlCacheBehavior [ RunTime:0.001001s ]
INFO: [ view_filter ] --END-- [ RunTime:0.001001s ]
INFO: [ app_end ] --START--
INFO: Run Behavior\ShowPageTraceBehavior [ RunTime:0.000000s ]
INFO: [ app_end ] --END-- [ RunTime:0.000000s ]

[ 2017-04-17T16:33:58+08:00 ] 127.0.0.1 /Home/Donehw/detail.html?id=1
INFO: [ app_init ] --START--
INFO: Run Behavior\BuildLiteBehavior [ RunTime:0.000000s ]
INFO: [ app_init ] --END-- [ RunTime:0.000000s ]
INFO: [ app_begin ] --START--
INFO: Run Behavior\ReadHtmlCacheBehavior [ RunTime:0.001000s ]
INFO: [ app_begin ] --END-- [ RunTime:0.001000s ]
SQL: SHOW COLUMNS FROM `cms_donehw` [ RunTime:0.0050s ]
SQL: SELECT * FROM `cms_donehw` WHERE ( dhw_id=1 ) LIMIT 1   [ RunTime:0.0010s ]
SQL: SHOW COLUMNS FROM `cms_homework` [ RunTime:0.0030s ]
SQL: SELECT * FROM `cms_homework` WHERE ( hw_id=1 ) LIMIT 1   [ RunTime:0.0000s ]
INFO: [ view_parse ] --START--
INFO: [ template_filter ] --START--
INFO: Run Behavior\ContentReplaceBehavior [ RunTime:0.000000s ]
INFO: [ template_filter ] --END-- [ RunTime:0.001000s ]
INFO: Run Behavior\ParseTemplateBehavior [ RunTime:0.009001s ]
INFO: [ view_parse ] --END-- [ RunTime:0.009001s ]
INFO: [ view_filter ] --START--
INFO: Run Behavior\WriteHtmlCacheBehavior [ RunTime:0.000000s ]
INFO: [ view_filter ] --END-- [ RunTime:0.000000s ]
INFO: [ app_end ] --START--
INFO: Run Behavior\ShowPageTraceBehavior [ RunTime:0.001000s ]
INFO: [ app_end ] --END-- [ RunTime:0.001000s ]

[ 2017-04-17T16:33:58+08:00 ] 127.0.0.1 /Home/Donehw/
INFO: [ app_init ] --START--
INFO: Run Behavior\BuildLiteBehavior [ RunTime:0.000000s ]
INFO: [ app_init ] --END-- [ RunTime:0.001000s ]
INFO: [ app_begin ] --START--
INFO: Run Behavior\ReadHtmlCacheBehavior [ RunTime:0.000000s ]
INFO: [ app_begin ] --END-- [ RunTime:0.000000s ]
SQL: SHOW COLUMNS FROM `cms_config` [ RunTime:0.0040s ]
SQL: SELECT * FROM `cms_config`  [ RunTime:0.0000s ]
NOTIC: [8] Undefined index: p D:\www\studyspace\CMS\Application\Home\Controller\DonehwController.class.php 第 21 行.
NOTIC: [8] Undefined index: pageSize D:\www\studyspace\CMS\Application\Home\Controller\DonehwController.class.php 第 22 行.
SQL: SHOW COLUMNS FROM `cms_donehw` [ RunTime:0.0040s ]
SQL: SHOW COLUMNS FROM `cms_donehw` [ RunTime:0.0040s ]
SQL: SELECT d.dhw_id,d.status,hw.hw_id,hw.title,cl.classname,d.updatetime FROM cms_donehw d LEFT JOIN cms_homework AS hw ON d.hw_id = hw.hw_id LEFT JOIN cms_class AS cl ON hw.class_id = cl.class_id  WHERE `s_id` = 1 ORDER BY dhw_id desc LIMIT 0,4   [ RunTime:0.0010s ]
SQL: SHOW COLUMNS FROM `cms_donehw` [ RunTime:0.0030s ]
SQL: SELECT COUNT(*) AS tp_Count FROM cms_donehw d LEFT JOIN cms_homework AS hw ON d.hw_id = hw.hw_id LEFT JOIN cms_class AS cl ON hw.class_id = cl.class_id  WHERE `s_id` = 1 LIMIT 1   [ RunTime:0.0000s ]
INFO: [ view_parse ] --START--
INFO: [ template_filter ] --START--
INFO: Run Behavior\ContentReplaceBehavior [ RunTime:0.000000s ]
INFO: [ template_filter ] --END-- [ RunTime:0.000000s ]
INFO: Run Behavior\ParseTemplateBehavior [ RunTime:0.011001s ]
INFO: [ view_parse ] --END-- [ RunTime:0.011001s ]
INFO: [ view_filter ] --START--
INFO: Run Behavior\WriteHtmlCacheBehavior [ RunTime:0.001000s ]
INFO: [ view_filter ] --END-- [ RunTime:0.001000s ]
INFO: [ app_end ] --START--
INFO: Run Behavior\ShowPageTraceBehavior [ RunTime:0.000000s ]
INFO: [ app_end ] --END-- [ RunTime:0.000000s ]

[ 2017-04-17T16:34:24+08:00 ] 127.0.0.1 /Home/Donehw/index.html
INFO: [ app_init ] --START--
INFO: Run Behavior\BuildLiteBehavior [ RunTime:0.001000s ]
INFO: [ app_init ] --END-- [ RunTime:0.001000s ]
INFO: [ app_begin ] --START--
INFO: Run Behavior\ReadHtmlCacheBehavior [ RunTime:0.000000s ]
INFO: [ app_begin ] --END-- [ RunTime:0.000000s ]
SQL: SHOW COLUMNS FROM `cms_config` [ RunTime:0.0040s ]
SQL: SELECT * FROM `cms_config`  [ RunTime:0.0010s ]
NOTIC: [8] Undefined index: p D:\www\studyspace\CMS\Application\Home\Controller\DonehwController.class.php 第 21 行.
NOTIC: [8] Undefined index: pageSize D:\www\studyspace\CMS\Application\Home\Controller\DonehwController.class.php 第 22 行.
SQL: SHOW COLUMNS FROM `cms_donehw` [ RunTime:0.0030s ]
SQL: SHOW COLUMNS FROM `cms_donehw` [ RunTime:0.0030s ]
SQL: SELECT d.dhw_id,d.status,hw.hw_id,hw.title,cl.classname,d.updatetime FROM cms_donehw d LEFT JOIN cms_homework AS hw ON d.hw_id = hw.hw_id LEFT JOIN cms_class AS cl ON hw.class_id = cl.class_id  WHERE `s_id` = 1 ORDER BY dhw_id desc LIMIT 0,4   [ RunTime:0.0010s ]
SQL: SHOW COLUMNS FROM `cms_donehw` [ RunTime:0.0030s ]
SQL: SELECT COUNT(*) AS tp_Count FROM cms_donehw d LEFT JOIN cms_homework AS hw ON d.hw_id = hw.hw_id LEFT JOIN cms_class AS cl ON hw.class_id = cl.class_id  WHERE `s_id` = 1 LIMIT 1   [ RunTime:0.0000s ]
INFO: [ view_parse ] --START--
INFO: [ template_filter ] --START--
INFO: Run Behavior\ContentReplaceBehavior [ RunTime:0.000000s ]
INFO: [ template_filter ] --END-- [ RunTime:0.000000s ]
INFO: Run Behavior\ParseTemplateBehavior [ RunTime:0.010001s ]
INFO: [ view_parse ] --END-- [ RunTime:0.010001s ]
INFO: [ view_filter ] --START--
INFO: Run Behavior\WriteHtmlCacheBehavior [ RunTime:0.000000s ]
INFO: [ view_filter ] --END-- [ RunTime:0.000000s ]
INFO: [ app_end ] --START--
INFO: Run Behavior\ShowPageTraceBehavior [ RunTime:0.001000s ]
INFO: [ app_end ] --END-- [ RunTime:0.001000s ]

[ 2017-04-17T16:34:26+08:00 ] 127.0.0.1 /Home/Donehw/detail.html?id=1
INFO: [ app_init ] --START--
INFO: Run Behavior\BuildLiteBehavior [ RunTime:0.001000s ]
INFO: [ app_init ] --END-- [ RunTime:0.001000s ]
INFO: [ app_begin ] --START--
INFO: Run Behavior\ReadHtmlCacheBehavior [ RunTime:0.000000s ]
INFO: [ app_begin ] --END-- [ RunTime:0.000000s ]
SQL: SHOW COLUMNS FROM `cms_donehw` [ RunTime:0.0040s ]
SQL: SELECT * FROM `cms_donehw` WHERE ( dhw_id=1 ) LIMIT 1   [ RunTime:0.0010s ]
SQL: SHOW COLUMNS FROM `cms_homework` [ RunTime:0.0040s ]
SQL: SELECT * FROM `cms_homework` WHERE ( hw_id=1 ) LIMIT 1   [ RunTime:0.0000s ]
INFO: [ view_parse ] --START--
INFO: [ template_filter ] --START--
INFO: Run Behavior\ContentReplaceBehavior [ RunTime:0.000000s ]
INFO: [ template_filter ] --END-- [ RunTime:0.000000s ]
INFO: Run Behavior\ParseTemplateBehavior [ RunTime:0.014001s ]
INFO: [ view_parse ] --END-- [ RunTime:0.014001s ]
INFO: [ view_filter ] --START--
INFO: Run Behavior\WriteHtmlCacheBehavior [ RunTime:0.000000s ]
INFO: [ view_filter ] --END-- [ RunTime:0.000000s ]
INFO: [ app_end ] --START--
INFO: Run Behavior\ShowPageTraceBehavior [ RunTime:0.003000s ]
INFO: [ app_end ] --END-- [ RunTime:0.003000s ]

[ 2017-04-17T16:34:26+08:00 ] 127.0.0.1 /Home/Donehw/
INFO: [ app_init ] --START--
INFO: Run Behavior\BuildLiteBehavior [ RunTime:0.000000s ]
INFO: [ app_init ] --END-- [ RunTime:0.000000s ]
INFO: [ app_begin ] --START--
INFO: Run Behavior\ReadHtmlCacheBehavior [ RunTime:0.001000s ]
INFO: [ app_begin ] --END-- [ RunTime:0.001000s ]
SQL: SHOW COLUMNS FROM `cms_config` [ RunTime:0.0040s ]
SQL: SELECT * FROM `cms_config`  [ RunTime:0.0000s ]
NOTIC: [8] Undefined index: p D:\www\studyspace\CMS\Application\Home\Controller\DonehwController.class.php 第 21 行.
NOTIC: [8] Undefined index: pageSize D:\www\studyspace\CMS\Application\Home\Controller\DonehwController.class.php 第 22 行.
SQL: SHOW COLUMNS FROM `cms_donehw` [ RunTime:0.0040s ]
SQL: SHOW COLUMNS FROM `cms_donehw` [ RunTime:0.0040s ]
SQL: SELECT d.dhw_id,d.status,hw.hw_id,hw.title,cl.classname,d.updatetime FROM cms_donehw d LEFT JOIN cms_homework AS hw ON d.hw_id = hw.hw_id LEFT JOIN cms_class AS cl ON hw.class_id = cl.class_id  WHERE `s_id` = 1 ORDER BY dhw_id desc LIMIT 0,4   [ RunTime:0.0000s ]
SQL: SHOW COLUMNS FROM `cms_donehw` [ RunTime:0.0040s ]
SQL: SELECT COUNT(*) AS tp_Count FROM cms_donehw d LEFT JOIN cms_homework AS hw ON d.hw_id = hw.hw_id LEFT JOIN cms_class AS cl ON hw.class_id = cl.class_id  WHERE `s_id` = 1 LIMIT 1   [ RunTime:0.0010s ]
INFO: [ view_parse ] --START--
INFO: [ template_filter ] --START--
INFO: Run Behavior\ContentReplaceBehavior [ RunTime:0.001001s ]
INFO: [ template_filter ] --END-- [ RunTime:0.001001s ]
INFO: Run Behavior\ParseTemplateBehavior [ RunTime:0.009001s ]
INFO: [ view_parse ] --END-- [ RunTime:0.009001s ]
INFO: [ view_filter ] --START--
INFO: Run Behavior\WriteHtmlCacheBehavior [ RunTime:0.001000s ]
INFO: [ view_filter ] --END-- [ RunTime:0.001000s ]
INFO: [ app_end ] --START--
INFO: Run Behavior\ShowPageTraceBehavior [ RunTime:0.000000s ]
INFO: [ app_end ] --END-- [ RunTime:0.000000s ]

[ 2017-04-17T16:52:20+08:00 ] 127.0.0.1 /Home/Index/logout.html
INFO: [ app_init ] --START--
INFO: Run Behavior\BuildLiteBehavior [ RunTime:0.000000s ]
INFO: [ app_init ] --END-- [ RunTime:0.000000s ]
INFO: [ app_begin ] --START--
INFO: Run Behavior\ReadHtmlCacheBehavior [ RunTime:0.000000s ]
INFO: [ app_begin ] --END-- [ RunTime:0.000000s ]

[ 2017-04-17T16:52:20+08:00 ] 127.0.0.1 /Home/Index/login.html
INFO: [ app_init ] --START--
INFO: Run Behavior\BuildLiteBehavior [ RunTime:0.000000s ]
INFO: [ app_init ] --END-- [ RunTime:0.000000s ]
INFO: [ app_begin ] --START--
INFO: Run Behavior\ReadHtmlCacheBehavior [ RunTime:0.000000s ]
INFO: [ app_begin ] --END-- [ RunTime:0.000000s ]
INFO: [ view_parse ] --START--
INFO: [ template_filter ] --START--
INFO: Run Behavior\ContentReplaceBehavior [ RunTime:0.000000s ]
INFO: [ template_filter ] --END-- [ RunTime:0.000000s ]
INFO: Run Behavior\ParseTemplateBehavior [ RunTime:0.027002s ]
INFO: [ view_parse ] --END-- [ RunTime:0.027002s ]
INFO: [ view_filter ] --START--
INFO: Run Behavior\WriteHtmlCacheBehavior [ RunTime:0.001000s ]
INFO: [ view_filter ] --END-- [ RunTime:0.001000s ]
INFO: [ app_end ] --START--
INFO: Run Behavior\ShowPageTraceBehavior [ RunTime:0.001000s ]
INFO: [ app_end ] --END-- [ RunTime:0.001000s ]

[ 2017-04-17T16:52:35+08:00 ] 127.0.0.1 /Home/Index/check
INFO: [ app_init ] --START--
INFO: Run Behavior\BuildLiteBehavior [ RunTime:0.001000s ]
INFO: [ app_init ] --END-- [ RunTime:0.001000s ]
INFO: [ app_begin ] --START--
INFO: Run Behavior\ReadHtmlCacheBehavior [ RunTime:0.001000s ]
INFO: [ app_begin ] --END-- [ RunTime:0.001000s ]

[ 2017-04-17T16:52:40+08:00 ] 127.0.0.1 /Home/Index/check
INFO: [ app_init ] --START--
INFO: Run Behavior\BuildLiteBehavior [ RunTime:0.000000s ]
INFO: [ app_init ] --END-- [ RunTime:0.000000s ]
INFO: [ app_begin ] --START--
INFO: Run Behavior\ReadHtmlCacheBehavior [ RunTime:0.001000s ]
INFO: [ app_begin ] --END-- [ RunTime:0.001000s ]
SQL: SHOW COLUMNS FROM `cms_student` [ RunTime:0.0040s ]
SQL: SELECT * FROM `cms_student` WHERE `sno` = '136331553' LIMIT 1   [ RunTime:0.0010s ]

[ 2017-04-17T16:53:09+08:00 ] 127.0.0.1 /Home/Index/check
INFO: [ app_init ] --START--
INFO: Run Behavior\BuildLiteBehavior [ RunTime:0.000000s ]
INFO: [ app_init ] --END-- [ RunTime:0.000000s ]
INFO: [ app_begin ] --START--
INFO: Run Behavior\ReadHtmlCacheBehavior [ RunTime:0.000000s ]
INFO: [ app_begin ] --END-- [ RunTime:0.000000s ]
SQL: SHOW COLUMNS FROM `cms_student` [ RunTime:0.0040s ]
SQL: SELECT * FROM `cms_student` WHERE `sno` = '123456' LIMIT 1   [ RunTime:0.0000s ]

[ 2017-04-17T16:54:41+08:00 ] 127.0.0.1 /Home/Index/check
INFO: [ app_init ] --START--
INFO: Run Behavior\BuildLiteBehavior [ RunTime:0.000000s ]
INFO: [ app_init ] --END-- [ RunTime:0.001000s ]
INFO: [ app_begin ] --START--
INFO: Run Behavior\ReadHtmlCacheBehavior [ RunTime:0.001000s ]
INFO: [ app_begin ] --END-- [ RunTime:0.001000s ]
SQL: SHOW COLUMNS FROM `cms_student` [ RunTime:0.0040s ]
SQL: SELECT * FROM `cms_student` WHERE `sno` = '136331111' LIMIT 1   [ RunTime:0.0000s ]

[ 2017-04-17T16:54:42+08:00 ] 127.0.0.1 /Home/Index/index.html
INFO: [ app_init ] --START--
INFO: Run Behavior\BuildLiteBehavior [ RunTime:0.000000s ]
INFO: [ app_init ] --END-- [ RunTime:0.000000s ]
INFO: [ app_begin ] --START--
INFO: Run Behavior\ReadHtmlCacheBehavior [ RunTime:0.001000s ]
INFO: [ app_begin ] --END-- [ RunTime:0.001000s ]
SQL: SHOW COLUMNS FROM `cms_config` [ RunTime:0.0040s ]
SQL: SELECT * FROM `cms_config`  [ RunTime:0.0000s ]
NOTIC: [8] Undefined index: p D:\www\studyspace\CMS\Application\Home\Controller\IndexController.class.php 第 22 行.
NOTIC: [8] Undefined index: pageSize D:\www\studyspace\CMS\Application\Home\Controller\IndexController.class.php 第 23 行.
SQL: SHOW COLUMNS FROM `cms_my_hw` [ RunTime:0.0030s ]
SQL: SHOW COLUMNS FROM `cms_my_hw` [ RunTime:0.0040s ]
SQL: SELECT hw.hw_id,hw.title,cl.classname,hw.createtime,hw.endtime FROM cms_my_hw my LEFT JOIN cms_homework AS hw ON my.hw_id = hw.hw_id LEFT JOIN cms_class AS cl ON hw.class_id = cl.class_id  WHERE `s_id` = 1 AND `status` = 0 ORDER BY endtime LIMIT 0,4   [ RunTime:0.0010s ]
SQL: SHOW COLUMNS FROM `cms_my_hw` [ RunTime:0.0030s ]
SQL: SELECT COUNT(*) AS tp_Count FROM cms_my_hw my LEFT JOIN cms_homework AS hw ON my.hw_id = hw.hw_id LEFT JOIN cms_class AS cl ON hw.class_id = cl.class_id  WHERE `s_id` = 1 AND `status` = 0 LIMIT 1   [ RunTime:0.0010s ]
INFO: [ view_parse ] --START--
INFO: [ template_filter ] --START--
INFO: Run Behavior\ContentReplaceBehavior [ RunTime:0.000000s ]
INFO: [ template_filter ] --END-- [ RunTime:0.000000s ]
INFO: Run Behavior\ParseTemplateBehavior [ RunTime:0.026001s ]
INFO: [ view_parse ] --END-- [ RunTime:0.026001s ]
INFO: [ view_filter ] --START--
INFO: Run Behavior\WriteHtmlCacheBehavior [ RunTime:0.001000s ]
INFO: [ view_filter ] --END-- [ RunTime:0.001000s ]
INFO: [ app_end ] --START--
INFO: Run Behavior\ShowPageTraceBehavior [ RunTime:0.001000s ]
INFO: [ app_end ] --END-- [ RunTime:0.001000s ]

[ 2017-04-17T16:54:50+08:00 ] 127.0.0.1 /Home/Homework/detail.html?id=3
INFO: [ app_init ] --START--
INFO: Run Behavior\BuildLiteBehavior [ RunTime:0.000000s ]
INFO: [ app_init ] --END-- [ RunTime:0.000000s ]
INFO: [ app_begin ] --START--
INFO: Run Behavior\ReadHtmlCacheBehavior [ RunTime:0.000000s ]
INFO: [ app_begin ] --END-- [ RunTime:0.000000s ]
SQL: SHOW COLUMNS FROM `cms_homework` [ RunTime:0.0040s ]
SQL: SELECT * FROM `cms_homework` WHERE ( hw_id=3 ) LIMIT 1   [ RunTime:0.0000s ]
INFO: [ view_parse ] --START--
INFO: [ template_filter ] --START--
INFO: Run Behavior\ContentReplaceBehavior [ RunTime:0.000000s ]
INFO: [ template_filter ] --END-- [ RunTime:0.000000s ]
INFO: Run Behavior\ParseTemplateBehavior [ RunTime:0.029001s ]
INFO: [ view_parse ] --END-- [ RunTime:0.029001s ]
INFO: [ view_filter ] --START--
INFO: Run Behavior\WriteHtmlCacheBehavior [ RunTime:0.000000s ]
INFO: [ view_filter ] --END-- [ RunTime:0.000000s ]
INFO: [ app_end ] --START--
INFO: Run Behavior\ShowPageTraceBehavior [ RunTime:0.001000s ]
INFO: [ app_end ] --END-- [ RunTime:0.001000s ]

[ 2017-04-17T16:54:51+08:00 ] 127.0.0.1 /Home/Homework/
INFO: [ app_init ] --START--
INFO: Run Behavior\BuildLiteBehavior [ RunTime:0.000000s ]
INFO: [ app_init ] --END-- [ RunTime:0.000000s ]
INFO: [ app_begin ] --START--
INFO: Run Behavior\ReadHtmlCacheBehavior [ RunTime:0.000000s ]
INFO: [ app_begin ] --END-- [ RunTime:0.000000s ]
ERR: 模板不存在:./Application/Home/View/Homework/index.html

[ 2017-04-17T17:03:01+08:00 ] 127.0.0.1 /Home/Mycourse/index.html
INFO: [ app_init ] --START--
INFO: Run Behavior\BuildLiteBehavior [ RunTime:0.000000s ]
INFO: [ app_init ] --END-- [ RunTime:0.001000s ]
INFO: [ app_begin ] --START--
INFO: Run Behavior\ReadHtmlCacheBehavior [ RunTime:0.001000s ]
INFO: [ app_begin ] --END-- [ RunTime:0.001000s ]
SQL: SHOW COLUMNS FROM `cms_config` [ RunTime:0.0040s ]
SQL: SELECT * FROM `cms_config`  [ RunTime:0.0010s ]
NOTIC: [8] Undefined index: p D:\www\studyspace\CMS\Application\Home\Controller\MycourseController.class.php 第 21 行.
NOTIC: [8] Undefined index: pageSize D:\www\studyspace\CMS\Application\Home\Controller\MycourseController.class.php 第 22 行.
SQL: SHOW COLUMNS FROM `cms_s_c` [ RunTime:0.0030s ]
SQL: SHOW COLUMNS FROM `cms_s_c` [ RunTime:0.0040s ]
SQL: SELECT cl.class_id,co.course_id,cl.classname,cl.issue,co.name,co.picpath,t.realname,t.college,t.qq FROM cms_s_c sc LEFT JOIN cms_class AS cl ON sc.class_id = cl.class_id LEFT JOIN cms_course AS co ON cl.course_id = co.course_id LEFT JOIN cms_teacher AS t ON co.t_id = t.t_id  WHERE `s_id` = 1 ORDER BY sc_id desc LIMIT 0,4   [ RunTime:0.0000s ]
SQL: SHOW COLUMNS FROM `cms_s_c` [ RunTime:0.0040s ]
SQL: SELECT COUNT(*) AS tp_Count FROM cms_s_c sc LEFT JOIN cms_class AS cl ON sc.class_id = cl.class_id LEFT JOIN cms_course AS co ON cl.course_id = co.course_id LEFT JOIN cms_teacher AS t ON co.t_id = t.t_id  WHERE `s_id` = 1 LIMIT 1   [ RunTime:0.0010s ]
INFO: [ view_parse ] --START--
INFO: [ template_filter ] --START--
INFO: Run Behavior\ContentReplaceBehavior [ RunTime:0.000000s ]
INFO: [ template_filter ] --END-- [ RunTime:0.000000s ]
INFO: Run Behavior\ParseTemplateBehavior [ RunTime:0.031002s ]
INFO: [ view_parse ] --END-- [ RunTime:0.031002s ]
INFO: [ view_filter ] --START--
INFO: Run Behavior\WriteHtmlCacheBehavior [ RunTime:0.000000s ]
INFO: [ view_filter ] --END-- [ RunTime:0.000000s ]
INFO: [ app_end ] --START--
INFO: Run Behavior\ShowPageTraceBehavior [ RunTime:0.001000s ]
INFO: [ app_end ] --END-- [ RunTime:0.001000s ]

[ 2017-04-17T17:03:04+08:00 ] 127.0.0.1 /Home/Index/logout.html
INFO: [ app_init ] --START--
INFO: Run Behavior\BuildLiteBehavior [ RunTime:0.000000s ]
INFO: [ app_init ] --END-- [ RunTime:0.000000s ]
INFO: [ app_begin ] --START--
INFO: Run Behavior\ReadHtmlCacheBehavior [ RunTime:0.001000s ]
INFO: [ app_begin ] --END-- [ RunTime:0.001000s ]

[ 2017-04-17T17:03:04+08:00 ] 127.0.0.1 /Home/Index/login.html
INFO: [ app_init ] --START--
INFO: Run Behavior\BuildLiteBehavior [ RunTime:0.000000s ]
INFO: [ app_init ] --END-- [ RunTime:0.001000s ]
INFO: [ app_begin ] --START--
INFO: Run Behavior\ReadHtmlCacheBehavior [ RunTime:0.000000s ]
INFO: [ app_begin ] --END-- [ RunTime:0.000000s ]
INFO: [ view_parse ] --START--
INFO: [ template_filter ] --START--
INFO: Run Behavior\ContentReplaceBehavior [ RunTime:0.000000s ]
INFO: [ template_filter ] --END-- [ RunTime:0.000000s ]
INFO: Run Behavior\ParseTemplateBehavior [ RunTime:0.006001s ]
INFO: [ view_parse ] --END-- [ RunTime:0.006001s ]
INFO: [ view_filter ] --START--
INFO: Run Behavior\WriteHtmlCacheBehavior [ RunTime:0.001000s ]
INFO: [ view_filter ] --END-- [ RunTime:0.001000s ]
INFO: [ app_end ] --START--
INFO: Run Behavior\ShowPageTraceBehavior [ RunTime:0.000000s ]
INFO: [ app_end ] --END-- [ RunTime:0.001000s ]

[ 2017-04-17T17:04:26+08:00 ] 127.0.0.1 /Home/Index/check
INFO: [ app_init ] --START--
INFO: Run Behavior\BuildLiteBehavior [ RunTime:0.000000s ]
INFO: [ app_init ] --END-- [ RunTime:0.000000s ]
INFO: [ app_begin ] --START--
INFO: Run Behavior\ReadHtmlCacheBehavior [ RunTime:0.001000s ]
INFO: [ app_begin ] --END-- [ RunTime:0.001000s ]
SQL: SHOW COLUMNS FROM `cms_student` [ RunTime:0.0040s ]
SQL: SELECT * FROM `cms_student` WHERE `sno` = '1xxxxxxxx' LIMIT 1   [ RunTime:0.0000s ]

[ 2017-04-17T17:04:27+08:00 ] 127.0.0.1 /Home/Index/index.html
INFO: [ app_init ] --START--
INFO: Run Behavior\BuildLiteBehavior [ RunTime:0.000000s ]
INFO: [ app_init ] --END-- [ RunTime:0.000000s ]
INFO: [ app_begin ] --START--
INFO: Run Behavior\ReadHtmlCacheBehavior [ RunTime:0.001000s ]
INFO: [ app_begin ] --END-- [ RunTime:0.001000s ]
SQL: SHOW COLUMNS FROM `cms_config` [ RunTime:0.0040s ]
SQL: SELECT * FROM `cms_config`  [ RunTime:0.0000s ]
NOTIC: [8] Undefined index: p D:\www\studyspace\CMS\Application\Home\Controller\IndexController.class.php 第 22 行.
NOTIC: [8] Undefined index: pageSize D:\www\studyspace\CMS\Application\Home\Controller\IndexController.class.php 第 23 行.
SQL: SHOW COLUMNS FROM `cms_my_hw` [ RunTime:0.0040s ]
SQL: SHOW COLUMNS FROM `cms_my_hw` [ RunTime:0.0040s ]
SQL: SELECT hw.hw_id,hw.title,cl.classname,hw.createtime,hw.endtime FROM cms_my_hw my LEFT JOIN cms_homework AS hw ON my.hw_id = hw.hw_id LEFT JOIN cms_class AS cl ON hw.class_id = cl.class_id  WHERE `s_id` = 3 AND `status` = 0 ORDER BY endtime LIMIT 0,4   [ RunTime:0.0010s ]
SQL: SHOW COLUMNS FROM `cms_my_hw` [ RunTime:0.0030s ]
SQL: SELECT COUNT(*) AS tp_Count FROM cms_my_hw my LEFT JOIN cms_homework AS hw ON my.hw_id = hw.hw_id LEFT JOIN cms_class AS cl ON hw.class_id = cl.class_id  WHERE `s_id` = 3 AND `status` = 0 LIMIT 1   [ RunTime:0.0000s ]
INFO: [ view_parse ] --START--
INFO: [ template_filter ] --START--
INFO: Run Behavior\ContentReplaceBehavior [ RunTime:0.000000s ]
INFO: [ template_filter ] --END-- [ RunTime:0.000000s ]
INFO: Run Behavior\ParseTemplateBehavior [ RunTime:0.011001s ]
INFO: [ view_parse ] --END-- [ RunTime:0.011001s ]
INFO: [ view_filter ] --START--
INFO: Run Behavior\WriteHtmlCacheBehavior [ RunTime:0.001000s ]
INFO: [ view_filter ] --END-- [ RunTime:0.001000s ]
INFO: [ app_end ] --START--
INFO: Run Behavior\ShowPageTraceBehavior [ RunTime:0.001000s ]
INFO: [ app_end ] --END-- [ RunTime:0.001000s ]

[ 2017-04-17T17:04:29+08:00 ] 127.0.0.1 /Home/Mycourse/index.html
INFO: [ app_init ] --START--
INFO: Run Behavior\BuildLiteBehavior [ RunTime:0.000000s ]
INFO: [ app_init ] --END-- [ RunTime:0.001001s ]
INFO: [ app_begin ] --START--
INFO: Run Behavior\ReadHtmlCacheBehavior [ RunTime:0.001000s ]
INFO: [ app_begin ] --END-- [ RunTime:0.001000s ]
SQL: SHOW COLUMNS FROM `cms_config` [ RunTime:0.0040s ]
SQL: SELECT * FROM `cms_config`  [ RunTime:0.0010s ]
NOTIC: [8] Undefined index: p D:\www\studyspace\CMS\Application\Home\Controller\MycourseController.class.php 第 21 行.
NOTIC: [8] Undefined index: pageSize D:\www\studyspace\CMS\Application\Home\Controller\MycourseController.class.php 第 22 行.
SQL: SHOW COLUMNS FROM `cms_s_c` [ RunTime:0.0030s ]
SQL: SHOW COLUMNS FROM `cms_s_c` [ RunTime:0.0040s ]
SQL: SELECT cl.class_id,co.course_id,cl.classname,cl.issue,co.name,co.picpath,t.realname,t.college,t.qq FROM cms_s_c sc LEFT JOIN cms_class AS cl ON sc.class_id = cl.class_id LEFT JOIN cms_course AS co ON cl.course_id = co.course_id LEFT JOIN cms_teacher AS t ON co.t_id = t.t_id  WHERE `s_id` = 3 ORDER BY sc_id desc LIMIT 0,4   [ RunTime:0.0000s ]
SQL: SHOW COLUMNS FROM `cms_s_c` [ RunTime:0.0030s ]
SQL: SELECT COUNT(*) AS tp_Count FROM cms_s_c sc LEFT JOIN cms_class AS cl ON sc.class_id = cl.class_id LEFT JOIN cms_course AS co ON cl.course_id = co.course_id LEFT JOIN cms_teacher AS t ON co.t_id = t.t_id  WHERE `s_id` = 3 LIMIT 1   [ RunTime:0.0000s ]
INFO: [ view_parse ] --START--
INFO: [ template_filter ] --START--
INFO: Run Behavior\ContentReplaceBehavior [ RunTime:0.000000s ]
INFO: [ template_filter ] --END-- [ RunTime:0.000000s ]
INFO: Run Behavior\ParseTemplateBehavior [ RunTime:0.010000s ]
INFO: [ view_parse ] --END-- [ RunTime:0.010000s ]
INFO: [ view_filter ] --START--
INFO: Run Behavior\WriteHtmlCacheBehavior [ RunTime:0.001000s ]
INFO: [ view_filter ] --END-- [ RunTime:0.001000s ]
INFO: [ app_end ] --START--
INFO: Run Behavior\ShowPageTraceBehavior [ RunTime:0.001000s ]
INFO: [ app_end ] --END-- [ RunTime:0.001000s ]

[ 2017-04-17T17:06:12+08:00 ] 127.0.0.1 /Home/Class/index.html
INFO: [ app_init ] --START--
INFO: Run Behavior\BuildLiteBehavior [ RunTime:0.000000s ]
INFO: [ app_init ] --END-- [ RunTime:0.001000s ]
INFO: [ app_begin ] --START--
INFO: Run Behavior\ReadHtmlCacheBehavior [ RunTime:0.001000s ]
INFO: [ app_begin ] --END-- [ RunTime:0.001000s ]
SQL: SHOW COLUMNS FROM `cms_config` [ RunTime:0.0040s ]
SQL: SELECT * FROM `cms_config`  [ RunTime:0.0000s ]
SQL: SHOW COLUMNS FROM `cms_class` [ RunTime:0.0070s ]
SQL: SHOW COLUMNS FROM `cms_class` [ RunTime:0.0030s ]
SQL: SELECT COUNT(*) AS tp_Count FROM cms_class cl LEFT JOIN cms_course AS co ON cl.course_id = co.course_id LEFT JOIN cms_teacher AS t ON co.t_id = t.t_id  LIMIT 1   [ RunTime:0.0000s ]
NOTIC: [8] Undefined index: p D:\www\studyspace\CMS\Application\Home\Controller\ClassController.class.php 第 30 行.
NOTIC: [8] Undefined index: pageSize D:\www\studyspace\CMS\Application\Home\Controller\ClassController.class.php 第 31 行.
SQL: SHOW COLUMNS FROM `cms_class` [ RunTime:0.0240s ]
SQL: SELECT cl.class_id,cl.classname,cl.issue,co.name,co.picpath,t.realname,t.college,t.qq FROM cms_class cl LEFT JOIN cms_course AS co ON cl.course_id = co.course_id LEFT JOIN cms_teacher AS t ON co.t_id = t.t_id  ORDER BY class_id desc LIMIT 0,4   [ RunTime:0.0000s ]
INFO: [ view_parse ] --START--
INFO: [ template_filter ] --START--
INFO: Run Behavior\ContentReplaceBehavior [ RunTime:0.001000s ]
INFO: [ template_filter ] --END-- [ RunTime:0.001000s ]
INFO: Run Behavior\ParseTemplateBehavior [ RunTime:0.042002s ]
INFO: [ view_parse ] --END-- [ RunTime:0.042002s ]
INFO: [ view_filter ] --START--
INFO: Run Behavior\WriteHtmlCacheBehavior [ RunTime:0.001001s ]
INFO: [ view_filter ] --END-- [ RunTime:0.001001s ]
INFO: [ app_end ] --START--
INFO: Run Behavior\ShowPageTraceBehavior [ RunTime:0.001000s ]
INFO: [ app_end ] --END-- [ RunTime:0.001000s ]

[ 2017-04-17T17:07:55+08:00 ] 127.0.0.1 /Home/Sc/join
INFO: [ app_init ] --START--
INFO: Run Behavior\BuildLiteBehavior [ RunTime:0.000000s ]
INFO: [ app_init ] --END-- [ RunTime:0.001000s ]
INFO: [ app_begin ] --START--
INFO: Run Behavior\ReadHtmlCacheBehavior [ RunTime:0.000000s ]
INFO: [ app_begin ] --END-- [ RunTime:0.000000s ]
SQL: SHOW COLUMNS FROM `cms_s_c` [ RunTime:0.0060s ]
SQL: SELECT COUNT(*) AS tp_Count FROM `cms_s_c` WHERE `s_id` = 3 AND `class_id` = 1 LIMIT 1   [ RunTime:0.0010s ]
NOTIC: [8] Use of undefined constant data - assumed 'data' D:\www\studyspace\CMS\Application\Home\Model\ScModel.class.php 第 64 行.
SQL: INSERT INTO `cms_s_c` (`s_id`,`class_id`) VALUES ('3','1') [ RunTime:0.0460s ]
SQL: SHOW COLUMNS FROM `cms_homework` [ RunTime:0.0030s ]
SQL: SELECT `hw_id` FROM `cms_homework` WHERE ( class_id=1 )  [ RunTime:0.0010s ]
SQL: SHOW COLUMNS FROM `cms_my_hw` [ RunTime:0.0040s ]
NOTIC: [8] Use of undefined constant data - assumed 'data' D:\www\studyspace\CMS\Application\Home\Model\MyhwModel.class.php 第 45 行.
SQL: INSERT INTO `cms_my_hw` (`s_id`,`hw_id`) VALUES ('3','1') [ RunTime:0.0000s ]
NOTIC: [8] Use of undefined constant data - assumed 'data' D:\www\studyspace\CMS\Application\Home\Model\MyhwModel.class.php 第 45 行.
SQL: INSERT INTO `cms_my_hw` (`s_id`,`hw_id`) VALUES ('3','2') [ RunTime:0.0010s ]
NOTIC: [8] Use of undefined constant data - assumed 'data' D:\www\studyspace\CMS\Application\Home\Model\MyhwModel.class.php 第 45 行.
SQL: INSERT INTO `cms_my_hw` (`s_id`,`hw_id`) VALUES ('3','3') [ RunTime:0.0000s ]
NOTIC: [8] Use of undefined constant data - assumed 'data' D:\www\studyspace\CMS\Application\Home\Model\MyhwModel.class.php 第 45 行.
SQL: INSERT INTO `cms_my_hw` (`s_id`,`hw_id`) VALUES ('3','4') [ RunTime:0.0000s ]

[ 2017-04-17T17:09:47+08:00 ] 127.0.0.1 /Home/Sc/join
INFO: [ app_init ] --START--
INFO: Run Behavior\BuildLiteBehavior [ RunTime:0.000000s ]
INFO: [ app_init ] --END-- [ RunTime:0.001001s ]
INFO: [ app_begin ] --START--
INFO: Run Behavior\ReadHtmlCacheBehavior [ RunTime:0.001000s ]
INFO: [ app_begin ] --END-- [ RunTime:0.001000s ]
SQL: SHOW COLUMNS FROM `cms_s_c` [ RunTime:0.0050s ]
SQL: SELECT COUNT(*) AS tp_Count FROM `cms_s_c` WHERE `s_id` = 3 AND `class_id` = 1 LIMIT 1   [ RunTime:0.0000s ]

[ 2017-04-17T17:10:20+08:00 ] 127.0.0.1 /Home/Sc/join
INFO: [ app_init ] --START--
INFO: Run Behavior\BuildLiteBehavior [ RunTime:0.000000s ]
INFO: [ app_init ] --END-- [ RunTime:0.001000s ]
INFO: [ app_begin ] --START--
INFO: Run Behavior\ReadHtmlCacheBehavior [ RunTime:0.001000s ]
INFO: [ app_begin ] --END-- [ RunTime:0.001000s ]
SQL: SHOW COLUMNS FROM `cms_s_c` [ RunTime:0.0040s ]
SQL: SELECT COUNT(*) AS tp_Count FROM `cms_s_c` WHERE `s_id` = 3 AND `class_id` = 1 LIMIT 1   [ RunTime:0.0010s ]

[ 2017-04-17T17:12:48+08:00 ] 127.0.0.1 /Home/Index/index.html
INFO: [ app_init ] --START--
INFO: Run Behavior\BuildLiteBehavior [ RunTime:0.000000s ]
INFO: [ app_init ] --END-- [ RunTime:0.000000s ]
INFO: [ app_begin ] --START--
INFO: Run Behavior\ReadHtmlCacheBehavior [ RunTime:0.001000s ]
INFO: [ app_begin ] --END-- [ RunTime:0.001000s ]
SQL: SHOW COLUMNS FROM `cms_config` [ RunTime:0.0040s ]
SQL: SELECT * FROM `cms_config`  [ RunTime:0.0000s ]
NOTIC: [8] Undefined index: p D:\www\studyspace\CMS\Application\Home\Controller\IndexController.class.php 第 22 行.
NOTIC: [8] Undefined index: pageSize D:\www\studyspace\CMS\Application\Home\Controller\IndexController.class.php 第 23 行.
SQL: SHOW COLUMNS FROM `cms_my_hw` [ RunTime:0.0120s ]
SQL: SHOW COLUMNS FROM `cms_my_hw` [ RunTime:0.0030s ]
SQL: SELECT hw.hw_id,hw.title,cl.classname,hw.createtime,hw.endtime FROM cms_my_hw my LEFT JOIN cms_homework AS hw ON my.hw_id = hw.hw_id LEFT JOIN cms_class AS cl ON hw.class_id = cl.class_id  WHERE `s_id` = 3 AND `status` = 0 ORDER BY endtime LIMIT 0,4   [ RunTime:0.0010s ]
SQL: SHOW COLUMNS FROM `cms_my_hw` [ RunTime:0.0030s ]
SQL: SELECT COUNT(*) AS tp_Count FROM cms_my_hw my LEFT JOIN cms_homework AS hw ON my.hw_id = hw.hw_id LEFT JOIN cms_class AS cl ON hw.class_id = cl.class_id  WHERE `s_id` = 3 AND `status` = 0 LIMIT 1   [ RunTime:0.0020s ]
INFO: [ view_parse ] --START--
INFO: [ template_filter ] --START--
INFO: Run Behavior\ContentReplaceBehavior [ RunTime:0.000000s ]
INFO: [ template_filter ] --END-- [ RunTime:0.000000s ]
INFO: Run Behavior\ParseTemplateBehavior [ RunTime:0.010001s ]
INFO: [ view_parse ] --END-- [ RunTime:0.010001s ]
INFO: [ view_filter ] --START--
INFO: Run Behavior\WriteHtmlCacheBehavior [ RunTime:0.000000s ]
INFO: [ view_filter ] --END-- [ RunTime:0.000000s ]
INFO: [ app_end ] --START--
INFO: Run Behavior\ShowPageTraceBehavior [ RunTime:0.000000s ]
INFO: [ app_end ] --END-- [ RunTime:0.001000s ]

[ 2017-04-17T17:13:10+08:00 ] 127.0.0.1 /Home/Donehw/index.html
INFO: [ app_init ] --START--
INFO: Run Behavior\BuildLiteBehavior [ RunTime:0.000000s ]
INFO: [ app_init ] --END-- [ RunTime:0.000000s ]
INFO: [ app_begin ] --START--
INFO: Run Behavior\ReadHtmlCacheBehavior [ RunTime:0.000000s ]
INFO: [ app_begin ] --END-- [ RunTime:0.000000s ]
SQL: SHOW COLUMNS FROM `cms_config` [ RunTime:0.0040s ]
SQL: SELECT * FROM `cms_config`  [ RunTime:0.0010s ]
NOTIC: [8] Undefined index: p D:\www\studyspace\CMS\Application\Home\Controller\DonehwController.class.php 第 21 行.
NOTIC: [8] Undefined index: pageSize D:\www\studyspace\CMS\Application\Home\Controller\DonehwController.class.php 第 22 行.
SQL: SHOW COLUMNS FROM `cms_donehw` [ RunTime:0.0040s ]
SQL: SHOW COLUMNS FROM `cms_donehw` [ RunTime:0.0040s ]
SQL: SELECT d.dhw_id,d.status,hw.hw_id,hw.title,cl.classname,d.updatetime FROM cms_donehw d LEFT JOIN cms_homework AS hw ON d.hw_id = hw.hw_id LEFT JOIN cms_class AS cl ON hw.class_id = cl.class_id  WHERE `s_id` = 3 ORDER BY dhw_id desc LIMIT 0,4   [ RunTime:0.0010s ]
SQL: SHOW COLUMNS FROM `cms_donehw` [ RunTime:0.0040s ]
SQL: SELECT COUNT(*) AS tp_Count FROM cms_donehw d LEFT JOIN cms_homework AS hw ON d.hw_id = hw.hw_id LEFT JOIN cms_class AS cl ON hw.class_id = cl.class_id  WHERE `s_id` = 3 LIMIT 1   [ RunTime:0.0000s ]
INFO: [ view_parse ] --START--
INFO: [ template_filter ] --START--
INFO: Run Behavior\ContentReplaceBehavior [ RunTime:0.000000s ]
INFO: [ template_filter ] --END-- [ RunTime:0.000000s ]
INFO: Run Behavior\ParseTemplateBehavior [ RunTime:0.011001s ]
INFO: [ view_parse ] --END-- [ RunTime:0.011001s ]
INFO: [ view_filter ] --START--
INFO: Run Behavior\WriteHtmlCacheBehavior [ RunTime:0.000000s ]
INFO: [ view_filter ] --END-- [ RunTime:0.000000s ]
INFO: [ app_end ] --START--
INFO: Run Behavior\ShowPageTraceBehavior [ RunTime:0.001000s ]
INFO: [ app_end ] --END-- [ RunTime:0.001000s ]

[ 2017-04-17T17:13:13+08:00 ] 127.0.0.1 /Home/Index/logout.html
INFO: [ app_init ] --START--
INFO: Run Behavior\BuildLiteBehavior [ RunTime:0.000000s ]
INFO: [ app_init ] --END-- [ RunTime:0.000000s ]
INFO: [ app_begin ] --START--
INFO: Run Behavior\ReadHtmlCacheBehavior [ RunTime:0.000000s ]
INFO: [ app_begin ] --END-- [ RunTime:0.001000s ]

[ 2017-04-17T17:13:13+08:00 ] 127.0.0.1 /Home/Index/login.html
INFO: [ app_init ] --START--
INFO: Run Behavior\BuildLiteBehavior [ RunTime:0.000000s ]
INFO: [ app_init ] --END-- [ RunTime:0.001000s ]
INFO: [ app_begin ] --START--
INFO: Run Behavior\ReadHtmlCacheBehavior [ RunTime:0.001000s ]
INFO: [ app_begin ] --END-- [ RunTime:0.001000s ]
INFO: [ view_parse ] --START--
INFO: [ template_filter ] --START--
INFO: Run Behavior\ContentReplaceBehavior [ RunTime:0.001000s ]
INFO: [ template_filter ] --END-- [ RunTime:0.001000s ]
INFO: Run Behavior\ParseTemplateBehavior [ RunTime:0.007000s ]
INFO: [ view_parse ] --END-- [ RunTime:0.007000s ]
INFO: [ view_filter ] --START--
INFO: Run Behavior\WriteHtmlCacheBehavior [ RunTime:0.000000s ]
INFO: [ view_filter ] --END-- [ RunTime:0.000000s ]
INFO: [ app_end ] --START--
INFO: Run Behavior\ShowPageTraceBehavior [ RunTime:0.001000s ]
INFO: [ app_end ] --END-- [ RunTime:0.001000s ]

[ 2017-04-17T17:13:18+08:00 ] 127.0.0.1 /Home/Index/check
INFO: [ app_init ] --START--
INFO: Run Behavior\BuildLiteBehavior [ RunTime:0.000000s ]
INFO: [ app_init ] --END-- [ RunTime:0.001000s ]
INFO: [ app_begin ] --START--
INFO: Run Behavior\ReadHtmlCacheBehavior [ RunTime:0.000000s ]
INFO: [ app_begin ] --END-- [ RunTime:0.000000s ]
SQL: SHOW COLUMNS FROM `cms_student` [ RunTime:0.0040s ]
SQL: SELECT * FROM `cms_student` WHERE `sno` = '136331111' LIMIT 1   [ RunTime:0.0010s ]

[ 2017-04-17T17:13:20+08:00 ] 127.0.0.1 /Home/Index/index.html
INFO: [ app_init ] --START--
INFO: Run Behavior\BuildLiteBehavior [ RunTime:0.000000s ]
INFO: [ app_init ] --END-- [ RunTime:0.000000s ]
INFO: [ app_begin ] --START--
INFO: Run Behavior\ReadHtmlCacheBehavior [ RunTime:0.001000s ]
INFO: [ app_begin ] --END-- [ RunTime:0.001000s ]
SQL: SHOW COLUMNS FROM `cms_config` [ RunTime:0.0040s ]
SQL: SELECT * FROM `cms_config`  [ RunTime:0.0010s ]
NOTIC: [8] Undefined index: p D:\www\studyspace\CMS\Application\Home\Controller\IndexController.class.php 第 22 行.
NOTIC: [8] Undefined index: pageSize D:\www\studyspace\CMS\Application\Home\Controller\IndexController.class.php 第 23 行.
SQL: SHOW COLUMNS FROM `cms_my_hw` [ RunTime:0.0040s ]
SQL: SHOW COLUMNS FROM `cms_my_hw` [ RunTime:0.0030s ]
SQL: SELECT hw.hw_id,hw.title,cl.classname,hw.createtime,hw.endtime FROM cms_my_hw my LEFT JOIN cms_homework AS hw ON my.hw_id = hw.hw_id LEFT JOIN cms_class AS cl ON hw.class_id = cl.class_id  WHERE `s_id` = 1 AND `status` = 0 ORDER BY endtime LIMIT 0,4   [ RunTime:0.0000s ]
SQL: SHOW COLUMNS FROM `cms_my_hw` [ RunTime:0.0040s ]
SQL: SELECT COUNT(*) AS tp_Count FROM cms_my_hw my LEFT JOIN cms_homework AS hw ON my.hw_id = hw.hw_id LEFT JOIN cms_class AS cl ON hw.class_id = cl.class_id  WHERE `s_id` = 1 AND `status` = 0 LIMIT 1   [ RunTime:0.0000s ]
INFO: [ view_parse ] --START--
INFO: [ template_filter ] --START--
INFO: Run Behavior\ContentReplaceBehavior [ RunTime:0.001000s ]
INFO: [ template_filter ] --END-- [ RunTime:0.001000s ]
INFO: Run Behavior\ParseTemplateBehavior [ RunTime:0.010000s ]
INFO: [ view_parse ] --END-- [ RunTime:0.011000s ]
INFO: [ view_filter ] --START--
INFO: Run Behavior\WriteHtmlCacheBehavior [ RunTime:0.000000s ]
INFO: [ view_filter ] --END-- [ RunTime:0.000000s ]
INFO: [ app_end ] --START--
INFO: Run Behavior\ShowPageTraceBehavior [ RunTime:0.000000s ]
INFO: [ app_end ] --END-- [ RunTime:0.000000s ]

[ 2017-04-17T17:13:22+08:00 ] 127.0.0.1 /Home/Mycourse/index.html
INFO: [ app_init ] --START--
INFO: Run Behavior\BuildLiteBehavior [ RunTime:0.000000s ]
INFO: [ app_init ] --END-- [ RunTime:0.000000s ]
INFO: [ app_begin ] --START--
INFO: Run Behavior\ReadHtmlCacheBehavior [ RunTime:0.000000s ]
INFO: [ app_begin ] --END-- [ RunTime:0.000000s ]
SQL: SHOW COLUMNS FROM `cms_config` [ RunTime:0.0040s ]
SQL: SELECT * FROM `cms_config`  [ RunTime:0.0000s ]
NOTIC: [8] Undefined index: p D:\www\studyspace\CMS\Application\Home\Controller\MycourseController.class.php 第 21 行.
NOTIC: [8] Undefined index: pageSize D:\www\studyspace\CMS\Application\Home\Controller\MycourseController.class.php 第 22 行.
SQL: SHOW COLUMNS FROM `cms_s_c` [ RunTime:0.0040s ]
SQL: SHOW COLUMNS FROM `cms_s_c` [ RunTime:0.0130s ]
SQL: SELECT cl.class_id,co.course_id,cl.classname,cl.issue,co.name,co.picpath,t.realname,t.college,t.qq FROM cms_s_c sc LEFT JOIN cms_class AS cl ON sc.class_id = cl.class_id LEFT JOIN cms_course AS co ON cl.course_id = co.course_id LEFT JOIN cms_teacher AS t ON co.t_id = t.t_id  WHERE `s_id` = 1 ORDER BY sc_id desc LIMIT 0,4   [ RunTime:0.0000s ]
SQL: SHOW COLUMNS FROM `cms_s_c` [ RunTime:0.0150s ]
SQL: SELECT COUNT(*) AS tp_Count FROM cms_s_c sc LEFT JOIN cms_class AS cl ON sc.class_id = cl.class_id LEFT JOIN cms_course AS co ON cl.course_id = co.course_id LEFT JOIN cms_teacher AS t ON co.t_id = t.t_id  WHERE `s_id` = 1 LIMIT 1   [ RunTime:0.0010s ]
INFO: [ view_parse ] --START--
INFO: [ template_filter ] --START--
INFO: Run Behavior\ContentReplaceBehavior [ RunTime:0.000000s ]
INFO: [ template_filter ] --END-- [ RunTime:0.000000s ]
INFO: Run Behavior\ParseTemplateBehavior [ RunTime:0.010001s ]
INFO: [ view_parse ] --END-- [ RunTime:0.011001s ]
INFO: [ view_filter ] --START--
INFO: Run Behavior\WriteHtmlCacheBehavior [ RunTime:0.000000s ]
INFO: [ view_filter ] --END-- [ RunTime:0.000000s ]
INFO: [ app_end ] --START--
INFO: Run Behavior\ShowPageTraceBehavior [ RunTime:0.000000s ]
INFO: [ app_end ] --END-- [ RunTime:0.000000s ]

[ 2017-04-17T17:13:22+08:00 ] 127.0.0.1 /Home/Donehw/index.html
INFO: [ app_init ] --START--
INFO: Run Behavior\BuildLiteBehavior [ RunTime:0.000000s ]
INFO: [ app_init ] --END-- [ RunTime:0.000000s ]
INFO: [ app_begin ] --START--
INFO: Run Behavior\ReadHtmlCacheBehavior [ RunTime:0.001000s ]
INFO: [ app_begin ] --END-- [ RunTime:0.001000s ]
SQL: SHOW COLUMNS FROM `cms_config` [ RunTime:0.0040s ]
SQL: SELECT * FROM `cms_config`  [ RunTime:0.0010s ]
NOTIC: [8] Undefined index: p D:\www\studyspace\CMS\Application\Home\Controller\DonehwController.class.php 第 21 行.
NOTIC: [8] Undefined index: pageSize D:\www\studyspace\CMS\Application\Home\Controller\DonehwController.class.php 第 22 行.
SQL: SHOW COLUMNS FROM `cms_donehw` [ RunTime:0.0070s ]
SQL: SHOW COLUMNS FROM `cms_donehw` [ RunTime:0.0070s ]
SQL: SELECT d.dhw_id,d.status,hw.hw_id,hw.title,cl.classname,d.updatetime FROM cms_donehw d LEFT JOIN cms_homework AS hw ON d.hw_id = hw.hw_id LEFT JOIN cms_class AS cl ON hw.class_id = cl.class_id  WHERE `s_id` = 1 ORDER BY dhw_id desc LIMIT 0,4   [ RunTime:0.0010s ]
SQL: SHOW COLUMNS FROM `cms_donehw` [ RunTime:0.0150s ]
SQL: SELECT COUNT(*) AS tp_Count FROM cms_donehw d LEFT JOIN cms_homework AS hw ON d.hw_id = hw.hw_id LEFT JOIN cms_class AS cl ON hw.class_id = cl.class_id  WHERE `s_id` = 1 LIMIT 1   [ RunTime:0.0000s ]
INFO: [ view_parse ] --START--
INFO: [ template_filter ] --START--
INFO: Run Behavior\ContentReplaceBehavior [ RunTime:0.001001s ]
INFO: [ template_filter ] --END-- [ RunTime:0.001001s ]
INFO: Run Behavior\ParseTemplateBehavior [ RunTime:0.010001s ]
INFO: [ view_parse ] --END-- [ RunTime:0.011001s ]
INFO: [ view_filter ] --START--
INFO: Run Behavior\WriteHtmlCacheBehavior [ RunTime:0.000000s ]
INFO: [ view_filter ] --END-- [ RunTime:0.000000s ]
INFO: [ app_end ] --START--
INFO: Run Behavior\ShowPageTraceBehavior [ RunTime:0.001000s ]
INFO: [ app_end ] --END-- [ RunTime:0.001000s ]

[ 2017-04-17T17:14:06+08:00 ] 127.0.0.1 /Home/Donehw/detail.html?id=4
INFO: [ app_init ] --START--
INFO: Run Behavior\BuildLiteBehavior [ RunTime:0.000000s ]
INFO: [ app_init ] --END-- [ RunTime:0.000000s ]
INFO: [ app_begin ] --START--
INFO: Run Behavior\ReadHtmlCacheBehavior [ RunTime:0.001000s ]
INFO: [ app_begin ] --END-- [ RunTime:0.001000s ]
SQL: SHOW COLUMNS FROM `cms_donehw` [ RunTime:0.0040s ]
SQL: SELECT * FROM `cms_donehw` WHERE ( dhw_id=4 ) LIMIT 1   [ RunTime:0.0000s ]
SQL: SHOW COLUMNS FROM `cms_homework` [ RunTime:0.0040s ]
SQL: SELECT * FROM `cms_homework` WHERE ( hw_id=2 ) LIMIT 1   [ RunTime:0.0000s ]
INFO: [ view_parse ] --START--
INFO: [ template_filter ] --START--
INFO: Run Behavior\ContentReplaceBehavior [ RunTime:0.000000s ]
INFO: [ template_filter ] --END-- [ RunTime:0.000000s ]
INFO: Run Behavior\ParseTemplateBehavior [ RunTime:0.008001s ]
INFO: [ view_parse ] --END-- [ RunTime:0.008001s ]
INFO: [ view_filter ] --START--
INFO: Run Behavior\WriteHtmlCacheBehavior [ RunTime:0.001000s ]
INFO: [ view_filter ] --END-- [ RunTime:0.001000s ]
INFO: [ app_end ] --START--
INFO: Run Behavior\ShowPageTraceBehavior [ RunTime:0.000000s ]
INFO: [ app_end ] --END-- [ RunTime:0.000000s ]

[ 2017-04-17T17:14:18+08:00 ] 127.0.0.1 /Home/Donehw/detail.html?id=4
INFO: [ app_init ] --START--
INFO: Run Behavior\BuildLiteBehavior [ RunTime:0.000000s ]
INFO: [ app_init ] --END-- [ RunTime:0.000000s ]
INFO: [ app_begin ] --START--
INFO: Run Behavior\ReadHtmlCacheBehavior [ RunTime:0.000000s ]
INFO: [ app_begin ] --END-- [ RunTime:0.000000s ]
SQL: SHOW COLUMNS FROM `cms_donehw` [ RunTime:0.0050s ]
SQL: SELECT * FROM `cms_donehw` WHERE ( dhw_id=4 ) LIMIT 1   [ RunTime:0.0010s ]
SQL: SHOW COLUMNS FROM `cms_homework` [ RunTime:0.0040s ]
SQL: SELECT * FROM `cms_homework` WHERE ( hw_id=2 ) LIMIT 1   [ RunTime:0.0010s ]
INFO: [ view_parse ] --START--
INFO: [ template_filter ] --START--
INFO: Run Behavior\ContentReplaceBehavior [ RunTime:0.000000s ]
INFO: [ template_filter ] --END-- [ RunTime:0.000000s ]
INFO: Run Behavior\ParseTemplateBehavior [ RunTime:0.008000s ]
INFO: [ view_parse ] --END-- [ RunTime:0.008000s ]
INFO: [ view_filter ] --START--
INFO: Run Behavior\WriteHtmlCacheBehavior [ RunTime:0.001000s ]
INFO: [ view_filter ] --END-- [ RunTime:0.001000s ]
INFO: [ app_end ] --START--
INFO: Run Behavior\ShowPageTraceBehavior [ RunTime:0.001000s ]
INFO: [ app_end ] --END-- [ RunTime:0.001000s ]

[ 2017-04-17T17:14:45+08:00 ] 127.0.0.1 /Home/Donehw/detail.html?id=4
INFO: [ app_init ] --START--
INFO: Run Behavior\BuildLiteBehavior [ RunTime:0.000000s ]
INFO: [ app_init ] --END-- [ RunTime:0.001000s ]
INFO: [ app_begin ] --START--
INFO: Run Behavior\ReadHtmlCacheBehavior [ RunTime:0.001000s ]
INFO: [ app_begin ] --END-- [ RunTime:0.001000s ]
SQL: SHOW COLUMNS FROM `cms_donehw` [ RunTime:0.0040s ]
SQL: SELECT * FROM `cms_donehw` WHERE ( dhw_id=4 ) LIMIT 1   [ RunTime:0.0000s ]
SQL: SHOW COLUMNS FROM `cms_homework` [ RunTime:0.0030s ]
SQL: SELECT * FROM `cms_homework` WHERE ( hw_id=2 ) LIMIT 1   [ RunTime:0.0000s ]
INFO: [ view_parse ] --START--
INFO: [ template_filter ] --START--
INFO: Run Behavior\ContentReplaceBehavior [ RunTime:0.000000s ]
INFO: [ template_filter ] --END-- [ RunTime:0.000000s ]
INFO: Run Behavior\ParseTemplateBehavior [ RunTime:0.009001s ]
INFO: [ view_parse ] --END-- [ RunTime:0.009001s ]
INFO: [ view_filter ] --START--
INFO: Run Behavior\WriteHtmlCacheBehavior [ RunTime:0.000000s ]
INFO: [ view_filter ] --END-- [ RunTime:0.000000s ]
INFO: [ app_end ] --START--
INFO: Run Behavior\ShowPageTraceBehavior [ RunTime:0.001000s ]
INFO: [ app_end ] --END-- [ RunTime:0.001000s ]

[ 2017-04-17T17:14:49+08:00 ] 127.0.0.1 /Home/Donehw/detail.html?id=1
INFO: [ app_init ] --START--
INFO: Run Behavior\BuildLiteBehavior [ RunTime:0.000000s ]
INFO: [ app_init ] --END-- [ RunTime:0.001000s ]
INFO: [ app_begin ] --START--
INFO: Run Behavior\ReadHtmlCacheBehavior [ RunTime:0.001000s ]
INFO: [ app_begin ] --END-- [ RunTime:0.001000s ]
SQL: SHOW COLUMNS FROM `cms_donehw` [ RunTime:0.0040s ]
SQL: SELECT * FROM `cms_donehw` WHERE ( dhw_id=1 ) LIMIT 1   [ RunTime:0.0010s ]
SQL: SHOW COLUMNS FROM `cms_homework` [ RunTime:0.0050s ]
SQL: SELECT * FROM `cms_homework` WHERE ( hw_id=1 ) LIMIT 1   [ RunTime:0.0010s ]
INFO: [ view_parse ] --START--
INFO: [ template_filter ] --START--
INFO: Run Behavior\ContentReplaceBehavior [ RunTime:0.000000s ]
INFO: [ template_filter ] --END-- [ RunTime:0.000000s ]
INFO: Run Behavior\ParseTemplateBehavior [ RunTime:0.010000s ]
INFO: [ view_parse ] --END-- [ RunTime:0.010000s ]
INFO: [ view_filter ] --START--
INFO: Run Behavior\WriteHtmlCacheBehavior [ RunTime:0.001000s ]
INFO: [ view_filter ] --END-- [ RunTime:0.001000s ]
INFO: [ app_end ] --START--
INFO: Run Behavior\ShowPageTraceBehavior [ RunTime:0.000000s ]
INFO: [ app_end ] --END-- [ RunTime:0.000000s ]

[ 2017-04-17T17:14:49+08:00 ] 127.0.0.1 /Home/Donehw/
INFO: [ app_init ] --START--
INFO: Run Behavior\BuildLiteBehavior [ RunTime:0.000000s ]
INFO: [ app_init ] --END-- [ RunTime:0.001000s ]
INFO: [ app_begin ] --START--
INFO: Run Behavior\ReadHtmlCacheBehavior [ RunTime:0.001000s ]
INFO: [ app_begin ] --END-- [ RunTime:0.001000s ]
SQL: SHOW COLUMNS FROM `cms_config` [ RunTime:0.0040s ]
SQL: SELECT * FROM `cms_config`  [ RunTime:0.0000s ]
NOTIC: [8] Undefined index: p D:\www\studyspace\CMS\Application\Home\Controller\DonehwController.class.php 第 21 行.
NOTIC: [8] Undefined index: pageSize D:\www\studyspace\CMS\Application\Home\Controller\DonehwController.class.php 第 22 行.
SQL: SHOW COLUMNS FROM `cms_donehw` [ RunTime:0.0040s ]
SQL: SHOW COLUMNS FROM `cms_donehw` [ RunTime:0.0040s ]
SQL: SELECT d.dhw_id,d.status,hw.hw_id,hw.title,cl.classname,d.updatetime FROM cms_donehw d LEFT JOIN cms_homework AS hw ON d.hw_id = hw.hw_id LEFT JOIN cms_class AS cl ON hw.class_id = cl.class_id  WHERE `s_id` = 1 ORDER BY dhw_id desc LIMIT 0,4   [ RunTime:0.0010s ]
SQL: SHOW COLUMNS FROM `cms_donehw` [ RunTime:0.0040s ]
SQL: SELECT COUNT(*) AS tp_Count FROM cms_donehw d LEFT JOIN cms_homework AS hw ON d.hw_id = hw.hw_id LEFT JOIN cms_class AS cl ON hw.class_id = cl.class_id  WHERE `s_id` = 1 LIMIT 1   [ RunTime:0.0000s ]
INFO: [ view_parse ] --START--
INFO: [ template_filter ] --START--
INFO: Run Behavior\ContentReplaceBehavior [ RunTime:0.000000s ]
INFO: [ template_filter ] --END-- [ RunTime:0.000000s ]
INFO: Run Behavior\ParseTemplateBehavior [ RunTime:0.011001s ]
INFO: [ view_parse ] --END-- [ RunTime:0.012001s ]
INFO: [ view_filter ] --START--
INFO: Run Behavior\WriteHtmlCacheBehavior [ RunTime:0.000000s ]
INFO: [ view_filter ] --END-- [ RunTime:0.000000s ]
INFO: [ app_end ] --START--
INFO: Run Behavior\ShowPageTraceBehavior [ RunTime:0.001000s ]
INFO: [ app_end ] --END-- [ RunTime:0.001000s ]

[ 2017-04-17T17:19:17+08:00 ] 127.0.0.1 /Home/Donehw/detail.html?id=4
INFO: [ app_init ] --START--
INFO: Run Behavior\BuildLiteBehavior [ RunTime:0.000000s ]
INFO: [ app_init ] --END-- [ RunTime:0.001000s ]
INFO: [ app_begin ] --START--
INFO: Run Behavior\ReadHtmlCacheBehavior [ RunTime:0.001000s ]
INFO: [ app_begin ] --END-- [ RunTime:0.001000s ]
SQL: SHOW COLUMNS FROM `cms_donehw` [ RunTime:0.0040s ]
SQL: SELECT * FROM `cms_donehw` WHERE ( dhw_id=4 ) LIMIT 1   [ RunTime:0.0000s ]
SQL: SHOW COLUMNS FROM `cms_homework` [ RunTime:0.0030s ]
SQL: SELECT * FROM `cms_homework` WHERE ( hw_id=2 ) LIMIT 1   [ RunTime:0.0000s ]
INFO: [ view_parse ] --START--
INFO: [ template_filter ] --START--
INFO: Run Behavior\ContentReplaceBehavior [ RunTime:0.001000s ]
INFO: [ template_filter ] --END-- [ RunTime:0.001000s ]
INFO: Run Behavior\ParseTemplateBehavior [ RunTime:0.009001s ]
INFO: [ view_parse ] --END-- [ RunTime:0.010001s ]
INFO: [ view_filter ] --START--
INFO: Run Behavior\WriteHtmlCacheBehavior [ RunTime:0.001000s ]
INFO: [ view_filter ] --END-- [ RunTime:0.001000s ]
INFO: [ app_end ] --START--
INFO: Run Behavior\ShowPageTraceBehavior [ RunTime:0.000000s ]
INFO: [ app_end ] --END-- [ RunTime:0.000000s ]

[ 2017-04-17T17:19:58+08:00 ] 127.0.0.1 /Home/Donehw/detail.html?id=1
INFO: [ app_init ] --START--
INFO: Run Behavior\BuildLiteBehavior [ RunTime:0.000000s ]
INFO: [ app_init ] --END-- [ RunTime:0.000000s ]
INFO: [ app_begin ] --START--
INFO: Run Behavior\ReadHtmlCacheBehavior [ RunTime:0.001000s ]
INFO: [ app_begin ] --END-- [ RunTime:0.001000s ]
SQL: SHOW COLUMNS FROM `cms_donehw` [ RunTime:0.0040s ]
SQL: SELECT * FROM `cms_donehw` WHERE ( dhw_id=1 ) LIMIT 1   [ RunTime:0.0000s ]
SQL: SHOW COLUMNS FROM `cms_homework` [ RunTime:0.0030s ]
SQL: SELECT * FROM `cms_homework` WHERE ( hw_id=1 ) LIMIT 1   [ RunTime:0.0000s ]
INFO: [ view_parse ] --START--
INFO: [ template_filter ] --START--
INFO: Run Behavior\ContentReplaceBehavior [ RunTime:0.001000s ]
INFO: [ template_filter ] --END-- [ RunTime:0.001000s ]
INFO: Run Behavior\ParseTemplateBehavior [ RunTime:0.009000s ]
INFO: [ view_parse ] --END-- [ RunTime:0.009000s ]
INFO: [ view_filter ] --START--
INFO: Run Behavior\WriteHtmlCacheBehavior [ RunTime:0.000000s ]
INFO: [ view_filter ] --END-- [ RunTime:0.001000s ]
INFO: [ app_end ] --START--
INFO: Run Behavior\ShowPageTraceBehavior [ RunTime:0.001000s ]
INFO: [ app_end ] --END-- [ RunTime:0.001000s ]

[ 2017-04-17T17:19:58+08:00 ] 127.0.0.1 /Home/Donehw/
INFO: [ app_init ] --START--
INFO: Run Behavior\BuildLiteBehavior [ RunTime:0.000000s ]
INFO: [ app_init ] --END-- [ RunTime:0.001000s ]
INFO: [ app_begin ] --START--
INFO: Run Behavior\ReadHtmlCacheBehavior [ RunTime:0.000000s ]
INFO: [ app_begin ] --END-- [ RunTime:0.000000s ]
SQL: SHOW COLUMNS FROM `cms_config` [ RunTime:0.0030s ]
SQL: SELECT * FROM `cms_config`  [ RunTime:0.0000s ]
NOTIC: [8] Undefined index: p D:\www\studyspace\CMS\Application\Home\Controller\DonehwController.class.php 第 21 行.
NOTIC: [8] Undefined index: pageSize D:\www\studyspace\CMS\Application\Home\Controller\DonehwController.class.php 第 22 行.
SQL: SHOW COLUMNS FROM `cms_donehw` [ RunTime:0.0040s ]
SQL: SHOW COLUMNS FROM `cms_donehw` [ RunTime:0.0040s ]
SQL: SELECT d.dhw_id,d.status,hw.hw_id,hw.title,cl.classname,d.updatetime FROM cms_donehw d LEFT JOIN cms_homework AS hw ON d.hw_id = hw.hw_id LEFT JOIN cms_class AS cl ON hw.class_id = cl.class_id  WHERE `s_id` = 1 ORDER BY dhw_id desc LIMIT 0,4   [ RunTime:0.0010s ]
SQL: SHOW COLUMNS FROM `cms_donehw` [ RunTime:0.0030s ]
SQL: SELECT COUNT(*) AS tp_Count FROM cms_donehw d LEFT JOIN cms_homework AS hw ON d.hw_id = hw.hw_id LEFT JOIN cms_class AS cl ON hw.class_id = cl.class_id  WHERE `s_id` = 1 LIMIT 1   [ RunTime:0.0000s ]
INFO: [ view_parse ] --START--
INFO: [ template_filter ] --START--
INFO: Run Behavior\ContentReplaceBehavior [ RunTime:0.001000s ]
INFO: [ template_filter ] --END-- [ RunTime:0.001000s ]
INFO: Run Behavior\ParseTemplateBehavior [ RunTime:0.011001s ]
INFO: [ view_parse ] --END-- [ RunTime:0.011001s ]
INFO: [ view_filter ] --START--
INFO: Run Behavior\WriteHtmlCacheBehavior [ RunTime:0.000000s ]
INFO: [ view_filter ] --END-- [ RunTime:0.000000s ]
INFO: [ app_end ] --START--
INFO: Run Behavior\ShowPageTraceBehavior [ RunTime:0.001000s ]
INFO: [ app_end ] --END-- [ RunTime:0.001000s ]

